ARM GAS  C:\Users\User\AppData\Local\Temp\ccFTAqxK.s 			page 1


   1              		.cpu cortex-m4
   2              		.eabi_attribute 27, 1
   3              		.eabi_attribute 28, 1
   4              		.eabi_attribute 20, 1
   5              		.eabi_attribute 21, 1
   6              		.eabi_attribute 23, 3
   7              		.eabi_attribute 24, 1
   8              		.eabi_attribute 25, 1
   9              		.eabi_attribute 26, 1
  10              		.eabi_attribute 30, 1
  11              		.eabi_attribute 34, 1
  12              		.eabi_attribute 18, 4
  13              		.file	"gpio.c"
  14              		.text
  15              	.Ltext0:
  16              		.cfi_sections	.debug_frame
  17              		.section	.text.MX_GPIO_Init,"ax",%progbits
  18              		.align	1
  19              		.global	MX_GPIO_Init
  20              		.syntax unified
  21              		.thumb
  22              		.thumb_func
  23              		.fpu fpv4-sp-d16
  25              	MX_GPIO_Init:
  26              	.LFB130:
  27              		.file 1 "Core/Src/gpio.c"
   1:Core/Src/gpio.c **** /**
   2:Core/Src/gpio.c ****   ******************************************************************************
   3:Core/Src/gpio.c ****   * @file    gpio.c
   4:Core/Src/gpio.c ****   * @brief   This file provides code for the configuration
   5:Core/Src/gpio.c ****   *          of all used GPIO pins.
   6:Core/Src/gpio.c ****   ******************************************************************************
   7:Core/Src/gpio.c ****   * @attention
   8:Core/Src/gpio.c ****   *
   9:Core/Src/gpio.c ****   * <h2><center>&copy; Copyright (c) 2021 STMicroelectronics.
  10:Core/Src/gpio.c ****   * All rights reserved.</center></h2>
  11:Core/Src/gpio.c ****   *
  12:Core/Src/gpio.c ****   * This software component is licensed by ST under Ultimate Liberty license
  13:Core/Src/gpio.c ****   * SLA0044, the "License"; You may not use this file except in compliance with
  14:Core/Src/gpio.c ****   * the License. You may obtain a copy of the License at:
  15:Core/Src/gpio.c ****   *                             www.st.com/SLA0044
  16:Core/Src/gpio.c ****   *
  17:Core/Src/gpio.c ****   ******************************************************************************
  18:Core/Src/gpio.c ****   */
  19:Core/Src/gpio.c **** 
  20:Core/Src/gpio.c **** /* Includes ------------------------------------------------------------------*/
  21:Core/Src/gpio.c **** #include "gpio.h"
  22:Core/Src/gpio.c **** 
  23:Core/Src/gpio.c **** /* USER CODE BEGIN 0 */
  24:Core/Src/gpio.c **** 
  25:Core/Src/gpio.c **** /* USER CODE END 0 */
  26:Core/Src/gpio.c **** 
  27:Core/Src/gpio.c **** /*----------------------------------------------------------------------------*/
  28:Core/Src/gpio.c **** /* Configure GPIO                                                             */
  29:Core/Src/gpio.c **** /*----------------------------------------------------------------------------*/
  30:Core/Src/gpio.c **** /* USER CODE BEGIN 1 */
  31:Core/Src/gpio.c **** 
ARM GAS  C:\Users\User\AppData\Local\Temp\ccFTAqxK.s 			page 2


  32:Core/Src/gpio.c **** /* USER CODE END 1 */
  33:Core/Src/gpio.c **** 
  34:Core/Src/gpio.c **** /** Configure pins as
  35:Core/Src/gpio.c ****         * Analog
  36:Core/Src/gpio.c ****         * Input
  37:Core/Src/gpio.c ****         * Output
  38:Core/Src/gpio.c ****         * EVENT_OUT
  39:Core/Src/gpio.c ****         * EXTI
  40:Core/Src/gpio.c ****      PC3   ------> I2S2_SD
  41:Core/Src/gpio.c ****      PB10   ------> I2S2_CK
  42:Core/Src/gpio.c **** */
  43:Core/Src/gpio.c **** void MX_GPIO_Init(void)
  44:Core/Src/gpio.c **** {
  28              		.loc 1 44 0
  29              		.cfi_startproc
  30              		@ args = 0, pretend = 0, frame = 48
  31              		@ frame_needed = 0, uses_anonymous_args = 0
  32 0000 2DE9F04F 		push	{r4, r5, r6, r7, r8, r9, r10, fp, lr}
  33              	.LCFI0:
  34              		.cfi_def_cfa_offset 36
  35              		.cfi_offset 4, -36
  36              		.cfi_offset 5, -32
  37              		.cfi_offset 6, -28
  38              		.cfi_offset 7, -24
  39              		.cfi_offset 8, -20
  40              		.cfi_offset 9, -16
  41              		.cfi_offset 10, -12
  42              		.cfi_offset 11, -8
  43              		.cfi_offset 14, -4
  44 0004 8DB0     		sub	sp, sp, #52
  45              	.LCFI1:
  46              		.cfi_def_cfa_offset 88
  45:Core/Src/gpio.c **** 
  46:Core/Src/gpio.c ****   GPIO_InitTypeDef GPIO_InitStruct = {0};
  47              		.loc 1 46 0
  48 0006 0024     		movs	r4, #0
  49 0008 0794     		str	r4, [sp, #28]
  50 000a 0894     		str	r4, [sp, #32]
  51 000c 0994     		str	r4, [sp, #36]
  52 000e 0A94     		str	r4, [sp, #40]
  53 0010 0B94     		str	r4, [sp, #44]
  54              	.LBB2:
  47:Core/Src/gpio.c **** 
  48:Core/Src/gpio.c ****   /* GPIO Ports Clock Enable */
  49:Core/Src/gpio.c ****   __HAL_RCC_GPIOE_CLK_ENABLE();
  55              		.loc 1 49 0
  56 0012 0194     		str	r4, [sp, #4]
  57 0014 564B     		ldr	r3, .L3
  58 0016 1A6B     		ldr	r2, [r3, #48]
  59 0018 42F01002 		orr	r2, r2, #16
  60 001c 1A63     		str	r2, [r3, #48]
  61 001e 1A6B     		ldr	r2, [r3, #48]
  62 0020 02F01002 		and	r2, r2, #16
  63 0024 0192     		str	r2, [sp, #4]
  64 0026 019A     		ldr	r2, [sp, #4]
  65              	.LBE2:
  66              	.LBB3:
ARM GAS  C:\Users\User\AppData\Local\Temp\ccFTAqxK.s 			page 3


  50:Core/Src/gpio.c ****   __HAL_RCC_GPIOC_CLK_ENABLE();
  67              		.loc 1 50 0
  68 0028 0294     		str	r4, [sp, #8]
  69 002a 1A6B     		ldr	r2, [r3, #48]
  70 002c 42F00402 		orr	r2, r2, #4
  71 0030 1A63     		str	r2, [r3, #48]
  72 0032 1A6B     		ldr	r2, [r3, #48]
  73 0034 02F00402 		and	r2, r2, #4
  74 0038 0292     		str	r2, [sp, #8]
  75 003a 029A     		ldr	r2, [sp, #8]
  76              	.LBE3:
  77              	.LBB4:
  51:Core/Src/gpio.c ****   __HAL_RCC_GPIOH_CLK_ENABLE();
  78              		.loc 1 51 0
  79 003c 0394     		str	r4, [sp, #12]
  80 003e 1A6B     		ldr	r2, [r3, #48]
  81 0040 42F08002 		orr	r2, r2, #128
  82 0044 1A63     		str	r2, [r3, #48]
  83 0046 1A6B     		ldr	r2, [r3, #48]
  84 0048 02F08002 		and	r2, r2, #128
  85 004c 0392     		str	r2, [sp, #12]
  86 004e 039A     		ldr	r2, [sp, #12]
  87              	.LBE4:
  88              	.LBB5:
  52:Core/Src/gpio.c ****   __HAL_RCC_GPIOA_CLK_ENABLE();
  89              		.loc 1 52 0
  90 0050 0494     		str	r4, [sp, #16]
  91 0052 1A6B     		ldr	r2, [r3, #48]
  92 0054 42F00102 		orr	r2, r2, #1
  93 0058 1A63     		str	r2, [r3, #48]
  94 005a 1A6B     		ldr	r2, [r3, #48]
  95 005c 02F00102 		and	r2, r2, #1
  96 0060 0492     		str	r2, [sp, #16]
  97 0062 049A     		ldr	r2, [sp, #16]
  98              	.LBE5:
  99              	.LBB6:
  53:Core/Src/gpio.c ****   __HAL_RCC_GPIOB_CLK_ENABLE();
 100              		.loc 1 53 0
 101 0064 0594     		str	r4, [sp, #20]
 102 0066 1A6B     		ldr	r2, [r3, #48]
 103 0068 42F00202 		orr	r2, r2, #2
 104 006c 1A63     		str	r2, [r3, #48]
 105 006e 1A6B     		ldr	r2, [r3, #48]
 106 0070 02F00202 		and	r2, r2, #2
 107 0074 0592     		str	r2, [sp, #20]
 108 0076 059A     		ldr	r2, [sp, #20]
 109              	.LBE6:
 110              	.LBB7:
  54:Core/Src/gpio.c ****   __HAL_RCC_GPIOD_CLK_ENABLE();
 111              		.loc 1 54 0
 112 0078 0694     		str	r4, [sp, #24]
 113 007a 1A6B     		ldr	r2, [r3, #48]
 114 007c 42F00802 		orr	r2, r2, #8
 115 0080 1A63     		str	r2, [r3, #48]
 116 0082 1B6B     		ldr	r3, [r3, #48]
 117 0084 03F00803 		and	r3, r3, #8
 118 0088 0693     		str	r3, [sp, #24]
ARM GAS  C:\Users\User\AppData\Local\Temp\ccFTAqxK.s 			page 4


 119 008a 069B     		ldr	r3, [sp, #24]
 120              	.LBE7:
  55:Core/Src/gpio.c **** 
  56:Core/Src/gpio.c ****   /*Configure GPIO pin Output Level */
  57:Core/Src/gpio.c ****   HAL_GPIO_WritePin(CS_I2C_SPI_GPIO_Port, CS_I2C_SPI_Pin, GPIO_PIN_RESET);
 121              		.loc 1 57 0
 122 008c 394E     		ldr	r6, .L3+4
 123 008e 2246     		mov	r2, r4
 124 0090 0821     		movs	r1, #8
 125 0092 3046     		mov	r0, r6
 126 0094 FFF7FEFF 		bl	HAL_GPIO_WritePin
 127              	.LVL0:
  58:Core/Src/gpio.c **** 
  59:Core/Src/gpio.c ****   /*Configure GPIO pin Output Level */
  60:Core/Src/gpio.c ****   HAL_GPIO_WritePin(OTG_FS_PowerSwitchOn_GPIO_Port, OTG_FS_PowerSwitchOn_Pin, GPIO_PIN_SET);
 128              		.loc 1 60 0
 129 0098 DFF8E090 		ldr	r9, .L3+12
 130 009c 0122     		movs	r2, #1
 131 009e 1146     		mov	r1, r2
 132 00a0 4846     		mov	r0, r9
 133 00a2 FFF7FEFF 		bl	HAL_GPIO_WritePin
 134              	.LVL1:
  61:Core/Src/gpio.c **** 
  62:Core/Src/gpio.c ****   /*Configure GPIO pin Output Level */
  63:Core/Src/gpio.c ****   HAL_GPIO_WritePin(GPIOD, LD4_Pin|LD3_Pin|LD5_Pin|LD6_Pin
 135              		.loc 1 63 0
 136 00a6 DFF8D880 		ldr	r8, .L3+16
 137 00aa 2246     		mov	r2, r4
 138 00ac 4FF21001 		movw	r1, #61456
 139 00b0 4046     		mov	r0, r8
 140 00b2 FFF7FEFF 		bl	HAL_GPIO_WritePin
 141              	.LVL2:
  64:Core/Src/gpio.c ****                           |Audio_RST_Pin, GPIO_PIN_RESET);
  65:Core/Src/gpio.c **** 
  66:Core/Src/gpio.c ****   /*Configure GPIO pin : PtPin */
  67:Core/Src/gpio.c ****   GPIO_InitStruct.Pin = CS_I2C_SPI_Pin;
 142              		.loc 1 67 0
 143 00b6 0827     		movs	r7, #8
 144 00b8 0797     		str	r7, [sp, #28]
  68:Core/Src/gpio.c ****   GPIO_InitStruct.Mode = GPIO_MODE_OUTPUT_PP;
 145              		.loc 1 68 0
 146 00ba 0125     		movs	r5, #1
 147 00bc 0895     		str	r5, [sp, #32]
  69:Core/Src/gpio.c ****   GPIO_InitStruct.Pull = GPIO_NOPULL;
 148              		.loc 1 69 0
 149 00be 0994     		str	r4, [sp, #36]
  70:Core/Src/gpio.c ****   GPIO_InitStruct.Speed = GPIO_SPEED_FREQ_LOW;
 150              		.loc 1 70 0
 151 00c0 0A94     		str	r4, [sp, #40]
  71:Core/Src/gpio.c ****   HAL_GPIO_Init(CS_I2C_SPI_GPIO_Port, &GPIO_InitStruct);
 152              		.loc 1 71 0
 153 00c2 07A9     		add	r1, sp, #28
 154 00c4 3046     		mov	r0, r6
 155 00c6 FFF7FEFF 		bl	HAL_GPIO_Init
 156              	.LVL3:
  72:Core/Src/gpio.c **** 
  73:Core/Src/gpio.c ****   /*Configure GPIO pin : PtPin */
ARM GAS  C:\Users\User\AppData\Local\Temp\ccFTAqxK.s 			page 5


  74:Core/Src/gpio.c ****   GPIO_InitStruct.Pin = OTG_FS_PowerSwitchOn_Pin;
 157              		.loc 1 74 0
 158 00ca 0795     		str	r5, [sp, #28]
  75:Core/Src/gpio.c ****   GPIO_InitStruct.Mode = GPIO_MODE_OUTPUT_PP;
 159              		.loc 1 75 0
 160 00cc 0895     		str	r5, [sp, #32]
  76:Core/Src/gpio.c ****   GPIO_InitStruct.Pull = GPIO_NOPULL;
 161              		.loc 1 76 0
 162 00ce 0994     		str	r4, [sp, #36]
  77:Core/Src/gpio.c ****   GPIO_InitStruct.Speed = GPIO_SPEED_FREQ_LOW;
 163              		.loc 1 77 0
 164 00d0 0A94     		str	r4, [sp, #40]
  78:Core/Src/gpio.c ****   HAL_GPIO_Init(OTG_FS_PowerSwitchOn_GPIO_Port, &GPIO_InitStruct);
 165              		.loc 1 78 0
 166 00d2 07A9     		add	r1, sp, #28
 167 00d4 4846     		mov	r0, r9
 168 00d6 FFF7FEFF 		bl	HAL_GPIO_Init
 169              	.LVL4:
  79:Core/Src/gpio.c **** 
  80:Core/Src/gpio.c ****   /*Configure GPIO pin : PtPin */
  81:Core/Src/gpio.c ****   GPIO_InitStruct.Pin = PDM_OUT_Pin;
 170              		.loc 1 81 0
 171 00da 0797     		str	r7, [sp, #28]
  82:Core/Src/gpio.c ****   GPIO_InitStruct.Mode = GPIO_MODE_AF_PP;
 172              		.loc 1 82 0
 173 00dc 0227     		movs	r7, #2
 174 00de 0897     		str	r7, [sp, #32]
  83:Core/Src/gpio.c ****   GPIO_InitStruct.Pull = GPIO_NOPULL;
 175              		.loc 1 83 0
 176 00e0 0994     		str	r4, [sp, #36]
  84:Core/Src/gpio.c ****   GPIO_InitStruct.Speed = GPIO_SPEED_FREQ_LOW;
 177              		.loc 1 84 0
 178 00e2 0A94     		str	r4, [sp, #40]
  85:Core/Src/gpio.c ****   GPIO_InitStruct.Alternate = GPIO_AF5_SPI2;
 179              		.loc 1 85 0
 180 00e4 4FF0050A 		mov	r10, #5
 181 00e8 CDF82CA0 		str	r10, [sp, #44]
  86:Core/Src/gpio.c ****   HAL_GPIO_Init(PDM_OUT_GPIO_Port, &GPIO_InitStruct);
 182              		.loc 1 86 0
 183 00ec 07A9     		add	r1, sp, #28
 184 00ee 4846     		mov	r0, r9
 185 00f0 FFF7FEFF 		bl	HAL_GPIO_Init
 186              	.LVL5:
  87:Core/Src/gpio.c **** 
  88:Core/Src/gpio.c ****   /*Configure GPIO pin : PtPin */
  89:Core/Src/gpio.c ****   GPIO_InitStruct.Pin = B1_Pin;
 187              		.loc 1 89 0
 188 00f4 0795     		str	r5, [sp, #28]
  90:Core/Src/gpio.c ****   GPIO_InitStruct.Mode = GPIO_MODE_EVT_RISING;
 189              		.loc 1 90 0
 190 00f6 DFF88C90 		ldr	r9, .L3+20
 191 00fa CDF82090 		str	r9, [sp, #32]
  91:Core/Src/gpio.c ****   GPIO_InitStruct.Pull = GPIO_NOPULL;
 192              		.loc 1 91 0
 193 00fe 0994     		str	r4, [sp, #36]
  92:Core/Src/gpio.c ****   HAL_GPIO_Init(B1_GPIO_Port, &GPIO_InitStruct);
 194              		.loc 1 92 0
ARM GAS  C:\Users\User\AppData\Local\Temp\ccFTAqxK.s 			page 6


 195 0100 07A9     		add	r1, sp, #28
 196 0102 1D48     		ldr	r0, .L3+8
 197 0104 FFF7FEFF 		bl	HAL_GPIO_Init
 198              	.LVL6:
  93:Core/Src/gpio.c **** 
  94:Core/Src/gpio.c ****   /*Configure GPIO pin : PtPin */
  95:Core/Src/gpio.c ****   GPIO_InitStruct.Pin = BOOT1_Pin;
 199              		.loc 1 95 0
 200 0108 0423     		movs	r3, #4
 201 010a 0793     		str	r3, [sp, #28]
  96:Core/Src/gpio.c ****   GPIO_InitStruct.Mode = GPIO_MODE_INPUT;
 202              		.loc 1 96 0
 203 010c 0894     		str	r4, [sp, #32]
  97:Core/Src/gpio.c ****   GPIO_InitStruct.Pull = GPIO_NOPULL;
 204              		.loc 1 97 0
 205 010e 0994     		str	r4, [sp, #36]
  98:Core/Src/gpio.c ****   HAL_GPIO_Init(BOOT1_GPIO_Port, &GPIO_InitStruct);
 206              		.loc 1 98 0
 207 0110 DFF874B0 		ldr	fp, .L3+24
 208 0114 07A9     		add	r1, sp, #28
 209 0116 5846     		mov	r0, fp
 210 0118 FFF7FEFF 		bl	HAL_GPIO_Init
 211              	.LVL7:
  99:Core/Src/gpio.c **** 
 100:Core/Src/gpio.c ****   /*Configure GPIO pin : PtPin */
 101:Core/Src/gpio.c ****   GPIO_InitStruct.Pin = CLK_IN_Pin;
 212              		.loc 1 101 0
 213 011c 4FF48063 		mov	r3, #1024
 214 0120 0793     		str	r3, [sp, #28]
 102:Core/Src/gpio.c ****   GPIO_InitStruct.Mode = GPIO_MODE_AF_PP;
 215              		.loc 1 102 0
 216 0122 0897     		str	r7, [sp, #32]
 103:Core/Src/gpio.c ****   GPIO_InitStruct.Pull = GPIO_NOPULL;
 217              		.loc 1 103 0
 218 0124 0994     		str	r4, [sp, #36]
 104:Core/Src/gpio.c ****   GPIO_InitStruct.Speed = GPIO_SPEED_FREQ_LOW;
 219              		.loc 1 104 0
 220 0126 0A94     		str	r4, [sp, #40]
 105:Core/Src/gpio.c ****   GPIO_InitStruct.Alternate = GPIO_AF5_SPI2;
 221              		.loc 1 105 0
 222 0128 CDF82CA0 		str	r10, [sp, #44]
 106:Core/Src/gpio.c ****   HAL_GPIO_Init(CLK_IN_GPIO_Port, &GPIO_InitStruct);
 223              		.loc 1 106 0
 224 012c 07A9     		add	r1, sp, #28
 225 012e 5846     		mov	r0, fp
 226 0130 FFF7FEFF 		bl	HAL_GPIO_Init
 227              	.LVL8:
 107:Core/Src/gpio.c **** 
 108:Core/Src/gpio.c ****   /*Configure GPIO pins : PDPin PDPin PDPin PDPin
 109:Core/Src/gpio.c ****                            PDPin */
 110:Core/Src/gpio.c ****   GPIO_InitStruct.Pin = LD4_Pin|LD3_Pin|LD5_Pin|LD6_Pin
 228              		.loc 1 110 0
 229 0134 4FF21003 		movw	r3, #61456
 230 0138 0793     		str	r3, [sp, #28]
 111:Core/Src/gpio.c ****                           |Audio_RST_Pin;
 112:Core/Src/gpio.c ****   GPIO_InitStruct.Mode = GPIO_MODE_OUTPUT_PP;
 231              		.loc 1 112 0
ARM GAS  C:\Users\User\AppData\Local\Temp\ccFTAqxK.s 			page 7


 232 013a 0895     		str	r5, [sp, #32]
 113:Core/Src/gpio.c ****   GPIO_InitStruct.Pull = GPIO_NOPULL;
 233              		.loc 1 113 0
 234 013c 0994     		str	r4, [sp, #36]
 114:Core/Src/gpio.c ****   GPIO_InitStruct.Speed = GPIO_SPEED_FREQ_LOW;
 235              		.loc 1 114 0
 236 013e 0A94     		str	r4, [sp, #40]
 115:Core/Src/gpio.c ****   HAL_GPIO_Init(GPIOD, &GPIO_InitStruct);
 237              		.loc 1 115 0
 238 0140 07A9     		add	r1, sp, #28
 239 0142 4046     		mov	r0, r8
 240 0144 FFF7FEFF 		bl	HAL_GPIO_Init
 241              	.LVL9:
 116:Core/Src/gpio.c **** 
 117:Core/Src/gpio.c ****   /*Configure GPIO pin : PtPin */
 118:Core/Src/gpio.c ****   GPIO_InitStruct.Pin = OTG_FS_OverCurrent_Pin;
 242              		.loc 1 118 0
 243 0148 2023     		movs	r3, #32
 244 014a 0793     		str	r3, [sp, #28]
 119:Core/Src/gpio.c ****   GPIO_InitStruct.Mode = GPIO_MODE_INPUT;
 245              		.loc 1 119 0
 246 014c 0894     		str	r4, [sp, #32]
 120:Core/Src/gpio.c ****   GPIO_InitStruct.Pull = GPIO_NOPULL;
 247              		.loc 1 120 0
 248 014e 0994     		str	r4, [sp, #36]
 121:Core/Src/gpio.c ****   HAL_GPIO_Init(OTG_FS_OverCurrent_GPIO_Port, &GPIO_InitStruct);
 249              		.loc 1 121 0
 250 0150 07A9     		add	r1, sp, #28
 251 0152 4046     		mov	r0, r8
 252 0154 FFF7FEFF 		bl	HAL_GPIO_Init
 253              	.LVL10:
 122:Core/Src/gpio.c **** 
 123:Core/Src/gpio.c ****   /*Configure GPIO pin : PtPin */
 124:Core/Src/gpio.c ****   GPIO_InitStruct.Pin = MEMS_INT2_Pin;
 254              		.loc 1 124 0
 255 0158 0797     		str	r7, [sp, #28]
 125:Core/Src/gpio.c ****   GPIO_InitStruct.Mode = GPIO_MODE_EVT_RISING;
 256              		.loc 1 125 0
 257 015a CDF82090 		str	r9, [sp, #32]
 126:Core/Src/gpio.c ****   GPIO_InitStruct.Pull = GPIO_NOPULL;
 258              		.loc 1 126 0
 259 015e 0994     		str	r4, [sp, #36]
 127:Core/Src/gpio.c ****   HAL_GPIO_Init(MEMS_INT2_GPIO_Port, &GPIO_InitStruct);
 260              		.loc 1 127 0
 261 0160 07A9     		add	r1, sp, #28
 262 0162 3046     		mov	r0, r6
 263 0164 FFF7FEFF 		bl	HAL_GPIO_Init
 264              	.LVL11:
 128:Core/Src/gpio.c **** 
 129:Core/Src/gpio.c **** }
 265              		.loc 1 129 0
 266 0168 0DB0     		add	sp, sp, #52
 267              	.LCFI2:
 268              		.cfi_def_cfa_offset 36
 269              		@ sp needed
 270 016a BDE8F08F 		pop	{r4, r5, r6, r7, r8, r9, r10, fp, pc}
 271              	.L4:
ARM GAS  C:\Users\User\AppData\Local\Temp\ccFTAqxK.s 			page 8


 272 016e 00BF     		.align	2
 273              	.L3:
 274 0170 00380240 		.word	1073887232
 275 0174 00100240 		.word	1073876992
 276 0178 00000240 		.word	1073872896
 277 017c 00080240 		.word	1073874944
 278 0180 000C0240 		.word	1073875968
 279 0184 00001210 		.word	269615104
 280 0188 00040240 		.word	1073873920
 281              		.cfi_endproc
 282              	.LFE130:
 284              		.text
 285              	.Letext0:
 286              		.file 2 "d:\\stm32_project\\tool\\7-2018-q2-update\\arm-none-eabi\\include\\machine\\_default_type
 287              		.file 3 "d:\\stm32_project\\tool\\7-2018-q2-update\\arm-none-eabi\\include\\sys\\_stdint.h"
 288              		.file 4 "Drivers/CMSIS/Include/core_cm4.h"
 289              		.file 5 "Drivers/CMSIS/Device/ST/STM32F4xx/Include/system_stm32f4xx.h"
 290              		.file 6 "Drivers/CMSIS/Device/ST/STM32F4xx/Include/stm32f407xx.h"
 291              		.file 7 "Drivers/STM32F4xx_HAL_Driver/Inc/stm32f4xx_hal_gpio.h"
 292              		.file 8 "Drivers/STM32F4xx_HAL_Driver/Inc/stm32f4xx_hal.h"
ARM GAS  C:\Users\User\AppData\Local\Temp\ccFTAqxK.s 			page 9


DEFINED SYMBOLS
                            *ABS*:00000000 gpio.c
C:\Users\User\AppData\Local\Temp\ccFTAqxK.s:18     .text.MX_GPIO_Init:00000000 $t
C:\Users\User\AppData\Local\Temp\ccFTAqxK.s:25     .text.MX_GPIO_Init:00000000 MX_GPIO_Init
C:\Users\User\AppData\Local\Temp\ccFTAqxK.s:274    .text.MX_GPIO_Init:00000170 $d

UNDEFINED SYMBOLS
HAL_GPIO_WritePin
HAL_GPIO_Init
