ARM GAS  C:\Users\User\AppData\Local\Temp\ccmBoJdl.s 			page 1


   1              		.cpu cortex-m4
   2              		.eabi_attribute 27, 1
   3              		.eabi_attribute 28, 1
   4              		.eabi_attribute 20, 1
   5              		.eabi_attribute 21, 1
   6              		.eabi_attribute 23, 3
   7              		.eabi_attribute 24, 1
   8              		.eabi_attribute 25, 1
   9              		.eabi_attribute 26, 1
  10              		.eabi_attribute 30, 1
  11              		.eabi_attribute 34, 1
  12              		.eabi_attribute 18, 4
  13              		.file	"i2s.c"
  14              		.text
  15              	.Ltext0:
  16              		.cfi_sections	.debug_frame
  17              		.section	.text.MX_I2S3_Init,"ax",%progbits
  18              		.align	1
  19              		.global	MX_I2S3_Init
  20              		.syntax unified
  21              		.thumb
  22              		.thumb_func
  23              		.fpu fpv4-sp-d16
  25              	MX_I2S3_Init:
  26              	.LFB130:
  27              		.file 1 "Core/Src/i2s.c"
   1:Core/Src/i2s.c **** /**
   2:Core/Src/i2s.c ****   ******************************************************************************
   3:Core/Src/i2s.c ****   * @file    i2s.c
   4:Core/Src/i2s.c ****   * @brief   This file provides code for the configuration
   5:Core/Src/i2s.c ****   *          of the I2S instances.
   6:Core/Src/i2s.c ****   ******************************************************************************
   7:Core/Src/i2s.c ****   * @attention
   8:Core/Src/i2s.c ****   *
   9:Core/Src/i2s.c ****   * <h2><center>&copy; Copyright (c) 2021 STMicroelectronics.
  10:Core/Src/i2s.c ****   * All rights reserved.</center></h2>
  11:Core/Src/i2s.c ****   *
  12:Core/Src/i2s.c ****   * This software component is licensed by ST under Ultimate Liberty license
  13:Core/Src/i2s.c ****   * SLA0044, the "License"; You may not use this file except in compliance with
  14:Core/Src/i2s.c ****   * the License. You may obtain a copy of the License at:
  15:Core/Src/i2s.c ****   *                             www.st.com/SLA0044
  16:Core/Src/i2s.c ****   *
  17:Core/Src/i2s.c ****   ******************************************************************************
  18:Core/Src/i2s.c ****   */
  19:Core/Src/i2s.c **** 
  20:Core/Src/i2s.c **** /* Includes ------------------------------------------------------------------*/
  21:Core/Src/i2s.c **** #include "i2s.h"
  22:Core/Src/i2s.c **** 
  23:Core/Src/i2s.c **** /* USER CODE BEGIN 0 */
  24:Core/Src/i2s.c **** 
  25:Core/Src/i2s.c **** /* USER CODE END 0 */
  26:Core/Src/i2s.c **** 
  27:Core/Src/i2s.c **** I2S_HandleTypeDef hi2s3;
  28:Core/Src/i2s.c **** 
  29:Core/Src/i2s.c **** /* I2S3 init function */
  30:Core/Src/i2s.c **** void MX_I2S3_Init(void)
  31:Core/Src/i2s.c **** {
ARM GAS  C:\Users\User\AppData\Local\Temp\ccmBoJdl.s 			page 2


  28              		.loc 1 31 0
  29              		.cfi_startproc
  30              		@ args = 0, pretend = 0, frame = 0
  31              		@ frame_needed = 0, uses_anonymous_args = 0
  32 0000 08B5     		push	{r3, lr}
  33              	.LCFI0:
  34              		.cfi_def_cfa_offset 8
  35              		.cfi_offset 3, -8
  36              		.cfi_offset 14, -4
  32:Core/Src/i2s.c **** 
  33:Core/Src/i2s.c ****   hi2s3.Instance = SPI3;
  37              		.loc 1 33 0
  38 0002 0B48     		ldr	r0, .L5
  39 0004 0B4B     		ldr	r3, .L5+4
  40 0006 0360     		str	r3, [r0]
  34:Core/Src/i2s.c ****   hi2s3.Init.Mode = I2S_MODE_MASTER_TX;
  41              		.loc 1 34 0
  42 0008 4FF40072 		mov	r2, #512
  43 000c 4260     		str	r2, [r0, #4]
  35:Core/Src/i2s.c ****   hi2s3.Init.Standard = I2S_STANDARD_PHILIPS;
  44              		.loc 1 35 0
  45 000e 0023     		movs	r3, #0
  46 0010 8360     		str	r3, [r0, #8]
  36:Core/Src/i2s.c ****   hi2s3.Init.DataFormat = I2S_DATAFORMAT_16B;
  47              		.loc 1 36 0
  48 0012 C360     		str	r3, [r0, #12]
  37:Core/Src/i2s.c ****   hi2s3.Init.MCLKOutput = I2S_MCLKOUTPUT_ENABLE;
  49              		.loc 1 37 0
  50 0014 0261     		str	r2, [r0, #16]
  38:Core/Src/i2s.c ****   hi2s3.Init.AudioFreq = I2S_AUDIOFREQ_96K;
  51              		.loc 1 38 0
  52 0016 084A     		ldr	r2, .L5+8
  53 0018 4261     		str	r2, [r0, #20]
  39:Core/Src/i2s.c ****   hi2s3.Init.CPOL = I2S_CPOL_LOW;
  54              		.loc 1 39 0
  55 001a 8361     		str	r3, [r0, #24]
  40:Core/Src/i2s.c ****   hi2s3.Init.ClockSource = I2S_CLOCK_PLL;
  56              		.loc 1 40 0
  57 001c C361     		str	r3, [r0, #28]
  41:Core/Src/i2s.c ****   hi2s3.Init.FullDuplexMode = I2S_FULLDUPLEXMODE_DISABLE;
  58              		.loc 1 41 0
  59 001e 0362     		str	r3, [r0, #32]
  42:Core/Src/i2s.c ****   if (HAL_I2S_Init(&hi2s3) != HAL_OK)
  60              		.loc 1 42 0
  61 0020 FFF7FEFF 		bl	HAL_I2S_Init
  62              	.LVL0:
  63 0024 00B9     		cbnz	r0, .L4
  64              	.L1:
  43:Core/Src/i2s.c ****   {
  44:Core/Src/i2s.c ****     Error_Handler();
  45:Core/Src/i2s.c ****   }
  46:Core/Src/i2s.c **** 
  47:Core/Src/i2s.c **** }
  65              		.loc 1 47 0
  66 0026 08BD     		pop	{r3, pc}
  67              	.L4:
  44:Core/Src/i2s.c ****   }
ARM GAS  C:\Users\User\AppData\Local\Temp\ccmBoJdl.s 			page 3


  68              		.loc 1 44 0
  69 0028 FFF7FEFF 		bl	Error_Handler
  70              	.LVL1:
  71              		.loc 1 47 0
  72 002c FBE7     		b	.L1
  73              	.L6:
  74 002e 00BF     		.align	2
  75              	.L5:
  76 0030 00000000 		.word	hi2s3
  77 0034 003C0040 		.word	1073757184
  78 0038 00770100 		.word	96000
  79              		.cfi_endproc
  80              	.LFE130:
  82              		.section	.text.HAL_I2S_MspInit,"ax",%progbits
  83              		.align	1
  84              		.global	HAL_I2S_MspInit
  85              		.syntax unified
  86              		.thumb
  87              		.thumb_func
  88              		.fpu fpv4-sp-d16
  90              	HAL_I2S_MspInit:
  91              	.LFB131:
  48:Core/Src/i2s.c **** 
  49:Core/Src/i2s.c **** void HAL_I2S_MspInit(I2S_HandleTypeDef* i2sHandle)
  50:Core/Src/i2s.c **** {
  92              		.loc 1 50 0
  93              		.cfi_startproc
  94              		@ args = 0, pretend = 0, frame = 32
  95              		@ frame_needed = 0, uses_anonymous_args = 0
  96              	.LVL2:
  97 0000 70B5     		push	{r4, r5, r6, lr}
  98              	.LCFI1:
  99              		.cfi_def_cfa_offset 16
 100              		.cfi_offset 4, -16
 101              		.cfi_offset 5, -12
 102              		.cfi_offset 6, -8
 103              		.cfi_offset 14, -4
 104 0002 88B0     		sub	sp, sp, #32
 105              	.LCFI2:
 106              		.cfi_def_cfa_offset 48
  51:Core/Src/i2s.c **** 
  52:Core/Src/i2s.c ****   GPIO_InitTypeDef GPIO_InitStruct = {0};
 107              		.loc 1 52 0
 108 0004 0023     		movs	r3, #0
 109 0006 0393     		str	r3, [sp, #12]
 110 0008 0493     		str	r3, [sp, #16]
 111 000a 0593     		str	r3, [sp, #20]
 112 000c 0693     		str	r3, [sp, #24]
 113 000e 0793     		str	r3, [sp, #28]
  53:Core/Src/i2s.c ****   if(i2sHandle->Instance==SPI3)
 114              		.loc 1 53 0
 115 0010 0268     		ldr	r2, [r0]
 116 0012 1E4B     		ldr	r3, .L11
 117 0014 9A42     		cmp	r2, r3
 118 0016 01D0     		beq	.L10
 119              	.LVL3:
 120              	.L7:
ARM GAS  C:\Users\User\AppData\Local\Temp\ccmBoJdl.s 			page 4


  54:Core/Src/i2s.c ****   {
  55:Core/Src/i2s.c ****   /* USER CODE BEGIN SPI3_MspInit 0 */
  56:Core/Src/i2s.c **** 
  57:Core/Src/i2s.c ****   /* USER CODE END SPI3_MspInit 0 */
  58:Core/Src/i2s.c ****     /* I2S3 clock enable */
  59:Core/Src/i2s.c ****     __HAL_RCC_SPI3_CLK_ENABLE();
  60:Core/Src/i2s.c **** 
  61:Core/Src/i2s.c ****     __HAL_RCC_GPIOA_CLK_ENABLE();
  62:Core/Src/i2s.c ****     __HAL_RCC_GPIOC_CLK_ENABLE();
  63:Core/Src/i2s.c ****     /**I2S3 GPIO Configuration
  64:Core/Src/i2s.c ****     PA4     ------> I2S3_WS
  65:Core/Src/i2s.c ****     PC7     ------> I2S3_MCK
  66:Core/Src/i2s.c ****     PC10     ------> I2S3_CK
  67:Core/Src/i2s.c ****     PC12     ------> I2S3_SD
  68:Core/Src/i2s.c ****     */
  69:Core/Src/i2s.c ****     GPIO_InitStruct.Pin = I2S3_WS_Pin;
  70:Core/Src/i2s.c ****     GPIO_InitStruct.Mode = GPIO_MODE_AF_PP;
  71:Core/Src/i2s.c ****     GPIO_InitStruct.Pull = GPIO_NOPULL;
  72:Core/Src/i2s.c ****     GPIO_InitStruct.Speed = GPIO_SPEED_FREQ_LOW;
  73:Core/Src/i2s.c ****     GPIO_InitStruct.Alternate = GPIO_AF6_SPI3;
  74:Core/Src/i2s.c ****     HAL_GPIO_Init(I2S3_WS_GPIO_Port, &GPIO_InitStruct);
  75:Core/Src/i2s.c **** 
  76:Core/Src/i2s.c ****     GPIO_InitStruct.Pin = I2S3_MCK_Pin|I2S3_SCK_Pin|I2S3_SD_Pin;
  77:Core/Src/i2s.c ****     GPIO_InitStruct.Mode = GPIO_MODE_AF_PP;
  78:Core/Src/i2s.c ****     GPIO_InitStruct.Pull = GPIO_NOPULL;
  79:Core/Src/i2s.c ****     GPIO_InitStruct.Speed = GPIO_SPEED_FREQ_LOW;
  80:Core/Src/i2s.c ****     GPIO_InitStruct.Alternate = GPIO_AF6_SPI3;
  81:Core/Src/i2s.c ****     HAL_GPIO_Init(GPIOC, &GPIO_InitStruct);
  82:Core/Src/i2s.c **** 
  83:Core/Src/i2s.c ****   /* USER CODE BEGIN SPI3_MspInit 1 */
  84:Core/Src/i2s.c **** 
  85:Core/Src/i2s.c ****   /* USER CODE END SPI3_MspInit 1 */
  86:Core/Src/i2s.c ****   }
  87:Core/Src/i2s.c **** }
 121              		.loc 1 87 0
 122 0018 08B0     		add	sp, sp, #32
 123              	.LCFI3:
 124              		.cfi_remember_state
 125              		.cfi_def_cfa_offset 16
 126              		@ sp needed
 127 001a 70BD     		pop	{r4, r5, r6, pc}
 128              	.LVL4:
 129              	.L10:
 130              	.LCFI4:
 131              		.cfi_restore_state
 132              	.LBB2:
  59:Core/Src/i2s.c **** 
 133              		.loc 1 59 0
 134 001c 0024     		movs	r4, #0
 135 001e 0094     		str	r4, [sp]
 136 0020 03F5FE33 		add	r3, r3, #130048
 137 0024 1A6C     		ldr	r2, [r3, #64]
 138 0026 42F40042 		orr	r2, r2, #32768
 139 002a 1A64     		str	r2, [r3, #64]
 140 002c 1A6C     		ldr	r2, [r3, #64]
 141 002e 02F40042 		and	r2, r2, #32768
 142 0032 0092     		str	r2, [sp]
ARM GAS  C:\Users\User\AppData\Local\Temp\ccmBoJdl.s 			page 5


 143 0034 009A     		ldr	r2, [sp]
 144              	.LBE2:
 145              	.LBB3:
  61:Core/Src/i2s.c ****     __HAL_RCC_GPIOC_CLK_ENABLE();
 146              		.loc 1 61 0
 147 0036 0194     		str	r4, [sp, #4]
 148 0038 1A6B     		ldr	r2, [r3, #48]
 149 003a 42F00102 		orr	r2, r2, #1
 150 003e 1A63     		str	r2, [r3, #48]
 151 0040 1A6B     		ldr	r2, [r3, #48]
 152 0042 02F00102 		and	r2, r2, #1
 153 0046 0192     		str	r2, [sp, #4]
 154 0048 019A     		ldr	r2, [sp, #4]
 155              	.LBE3:
 156              	.LBB4:
  62:Core/Src/i2s.c ****     /**I2S3 GPIO Configuration
 157              		.loc 1 62 0
 158 004a 0294     		str	r4, [sp, #8]
 159 004c 1A6B     		ldr	r2, [r3, #48]
 160 004e 42F00402 		orr	r2, r2, #4
 161 0052 1A63     		str	r2, [r3, #48]
 162 0054 1B6B     		ldr	r3, [r3, #48]
 163 0056 03F00403 		and	r3, r3, #4
 164 005a 0293     		str	r3, [sp, #8]
 165 005c 029B     		ldr	r3, [sp, #8]
 166              	.LBE4:
  69:Core/Src/i2s.c ****     GPIO_InitStruct.Mode = GPIO_MODE_AF_PP;
 167              		.loc 1 69 0
 168 005e 1023     		movs	r3, #16
 169 0060 0393     		str	r3, [sp, #12]
  70:Core/Src/i2s.c ****     GPIO_InitStruct.Pull = GPIO_NOPULL;
 170              		.loc 1 70 0
 171 0062 0226     		movs	r6, #2
 172 0064 0496     		str	r6, [sp, #16]
  73:Core/Src/i2s.c ****     HAL_GPIO_Init(I2S3_WS_GPIO_Port, &GPIO_InitStruct);
 173              		.loc 1 73 0
 174 0066 0625     		movs	r5, #6
 175 0068 0795     		str	r5, [sp, #28]
  74:Core/Src/i2s.c **** 
 176              		.loc 1 74 0
 177 006a 03A9     		add	r1, sp, #12
 178 006c 0848     		ldr	r0, .L11+4
 179              	.LVL5:
 180 006e FFF7FEFF 		bl	HAL_GPIO_Init
 181              	.LVL6:
  76:Core/Src/i2s.c ****     GPIO_InitStruct.Mode = GPIO_MODE_AF_PP;
 182              		.loc 1 76 0
 183 0072 4FF4A453 		mov	r3, #5248
 184 0076 0393     		str	r3, [sp, #12]
  77:Core/Src/i2s.c ****     GPIO_InitStruct.Pull = GPIO_NOPULL;
 185              		.loc 1 77 0
 186 0078 0496     		str	r6, [sp, #16]
  78:Core/Src/i2s.c ****     GPIO_InitStruct.Speed = GPIO_SPEED_FREQ_LOW;
 187              		.loc 1 78 0
 188 007a 0594     		str	r4, [sp, #20]
  79:Core/Src/i2s.c ****     GPIO_InitStruct.Alternate = GPIO_AF6_SPI3;
 189              		.loc 1 79 0
ARM GAS  C:\Users\User\AppData\Local\Temp\ccmBoJdl.s 			page 6


 190 007c 0694     		str	r4, [sp, #24]
  80:Core/Src/i2s.c ****     HAL_GPIO_Init(GPIOC, &GPIO_InitStruct);
 191              		.loc 1 80 0
 192 007e 0795     		str	r5, [sp, #28]
  81:Core/Src/i2s.c **** 
 193              		.loc 1 81 0
 194 0080 03A9     		add	r1, sp, #12
 195 0082 0448     		ldr	r0, .L11+8
 196 0084 FFF7FEFF 		bl	HAL_GPIO_Init
 197              	.LVL7:
 198              		.loc 1 87 0
 199 0088 C6E7     		b	.L7
 200              	.L12:
 201 008a 00BF     		.align	2
 202              	.L11:
 203 008c 003C0040 		.word	1073757184
 204 0090 00000240 		.word	1073872896
 205 0094 00080240 		.word	1073874944
 206              		.cfi_endproc
 207              	.LFE131:
 209              		.section	.text.HAL_I2S_MspDeInit,"ax",%progbits
 210              		.align	1
 211              		.global	HAL_I2S_MspDeInit
 212              		.syntax unified
 213              		.thumb
 214              		.thumb_func
 215              		.fpu fpv4-sp-d16
 217              	HAL_I2S_MspDeInit:
 218              	.LFB132:
  88:Core/Src/i2s.c **** 
  89:Core/Src/i2s.c **** void HAL_I2S_MspDeInit(I2S_HandleTypeDef* i2sHandle)
  90:Core/Src/i2s.c **** {
 219              		.loc 1 90 0
 220              		.cfi_startproc
 221              		@ args = 0, pretend = 0, frame = 0
 222              		@ frame_needed = 0, uses_anonymous_args = 0
 223              	.LVL8:
 224 0000 08B5     		push	{r3, lr}
 225              	.LCFI5:
 226              		.cfi_def_cfa_offset 8
 227              		.cfi_offset 3, -8
 228              		.cfi_offset 14, -4
  91:Core/Src/i2s.c **** 
  92:Core/Src/i2s.c ****   if(i2sHandle->Instance==SPI3)
 229              		.loc 1 92 0
 230 0002 0268     		ldr	r2, [r0]
 231 0004 094B     		ldr	r3, .L17
 232 0006 9A42     		cmp	r2, r3
 233 0008 00D0     		beq	.L16
 234              	.LVL9:
 235              	.L13:
  93:Core/Src/i2s.c ****   {
  94:Core/Src/i2s.c ****   /* USER CODE BEGIN SPI3_MspDeInit 0 */
  95:Core/Src/i2s.c **** 
  96:Core/Src/i2s.c ****   /* USER CODE END SPI3_MspDeInit 0 */
  97:Core/Src/i2s.c ****     /* Peripheral clock disable */
  98:Core/Src/i2s.c ****     __HAL_RCC_SPI3_CLK_DISABLE();
ARM GAS  C:\Users\User\AppData\Local\Temp\ccmBoJdl.s 			page 7


  99:Core/Src/i2s.c **** 
 100:Core/Src/i2s.c ****     /**I2S3 GPIO Configuration
 101:Core/Src/i2s.c ****     PA4     ------> I2S3_WS
 102:Core/Src/i2s.c ****     PC7     ------> I2S3_MCK
 103:Core/Src/i2s.c ****     PC10     ------> I2S3_CK
 104:Core/Src/i2s.c ****     PC12     ------> I2S3_SD
 105:Core/Src/i2s.c ****     */
 106:Core/Src/i2s.c ****     HAL_GPIO_DeInit(I2S3_WS_GPIO_Port, I2S3_WS_Pin);
 107:Core/Src/i2s.c **** 
 108:Core/Src/i2s.c ****     HAL_GPIO_DeInit(GPIOC, I2S3_MCK_Pin|I2S3_SCK_Pin|I2S3_SD_Pin);
 109:Core/Src/i2s.c **** 
 110:Core/Src/i2s.c ****   /* USER CODE BEGIN SPI3_MspDeInit 1 */
 111:Core/Src/i2s.c **** 
 112:Core/Src/i2s.c ****   /* USER CODE END SPI3_MspDeInit 1 */
 113:Core/Src/i2s.c ****   }
 114:Core/Src/i2s.c **** }
 236              		.loc 1 114 0
 237 000a 08BD     		pop	{r3, pc}
 238              	.LVL10:
 239              	.L16:
  98:Core/Src/i2s.c **** 
 240              		.loc 1 98 0
 241 000c 084A     		ldr	r2, .L17+4
 242 000e 136C     		ldr	r3, [r2, #64]
 243 0010 23F40043 		bic	r3, r3, #32768
 244 0014 1364     		str	r3, [r2, #64]
 106:Core/Src/i2s.c **** 
 245              		.loc 1 106 0
 246 0016 1021     		movs	r1, #16
 247 0018 0648     		ldr	r0, .L17+8
 248              	.LVL11:
 249 001a FFF7FEFF 		bl	HAL_GPIO_DeInit
 250              	.LVL12:
 108:Core/Src/i2s.c **** 
 251              		.loc 1 108 0
 252 001e 4FF4A451 		mov	r1, #5248
 253 0022 0548     		ldr	r0, .L17+12
 254 0024 FFF7FEFF 		bl	HAL_GPIO_DeInit
 255              	.LVL13:
 256              		.loc 1 114 0
 257 0028 EFE7     		b	.L13
 258              	.L18:
 259 002a 00BF     		.align	2
 260              	.L17:
 261 002c 003C0040 		.word	1073757184
 262 0030 00380240 		.word	1073887232
 263 0034 00000240 		.word	1073872896
 264 0038 00080240 		.word	1073874944
 265              		.cfi_endproc
 266              	.LFE132:
 268              		.comm	hi2s3,72,4
 269              		.text
 270              	.Letext0:
 271              		.file 2 "d:\\stm32_project\\tool\\7-2018-q2-update\\arm-none-eabi\\include\\machine\\_default_type
 272              		.file 3 "d:\\stm32_project\\tool\\7-2018-q2-update\\arm-none-eabi\\include\\sys\\_stdint.h"
 273              		.file 4 "Drivers/CMSIS/Include/core_cm4.h"
 274              		.file 5 "Drivers/CMSIS/Device/ST/STM32F4xx/Include/system_stm32f4xx.h"
ARM GAS  C:\Users\User\AppData\Local\Temp\ccmBoJdl.s 			page 8


 275              		.file 6 "Drivers/CMSIS/Device/ST/STM32F4xx/Include/stm32f407xx.h"
 276              		.file 7 "Drivers/STM32F4xx_HAL_Driver/Inc/stm32f4xx_hal_def.h"
 277              		.file 8 "Drivers/STM32F4xx_HAL_Driver/Inc/stm32f4xx_hal_gpio.h"
 278              		.file 9 "Drivers/STM32F4xx_HAL_Driver/Inc/stm32f4xx_hal_dma.h"
 279              		.file 10 "Drivers/STM32F4xx_HAL_Driver/Inc/stm32f4xx_hal_i2s.h"
 280              		.file 11 "Drivers/STM32F4xx_HAL_Driver/Inc/stm32f4xx_hal.h"
 281              		.file 12 "Core/Inc/i2s.h"
 282              		.file 13 "Core/Inc/main.h"
ARM GAS  C:\Users\User\AppData\Local\Temp\ccmBoJdl.s 			page 9


DEFINED SYMBOLS
                            *ABS*:00000000 i2s.c
C:\Users\User\AppData\Local\Temp\ccmBoJdl.s:18     .text.MX_I2S3_Init:00000000 $t
C:\Users\User\AppData\Local\Temp\ccmBoJdl.s:25     .text.MX_I2S3_Init:00000000 MX_I2S3_Init
C:\Users\User\AppData\Local\Temp\ccmBoJdl.s:76     .text.MX_I2S3_Init:00000030 $d
                            *COM*:00000048 hi2s3
C:\Users\User\AppData\Local\Temp\ccmBoJdl.s:83     .text.HAL_I2S_MspInit:00000000 $t
C:\Users\User\AppData\Local\Temp\ccmBoJdl.s:90     .text.HAL_I2S_MspInit:00000000 HAL_I2S_MspInit
C:\Users\User\AppData\Local\Temp\ccmBoJdl.s:203    .text.HAL_I2S_MspInit:0000008c $d
C:\Users\User\AppData\Local\Temp\ccmBoJdl.s:210    .text.HAL_I2S_MspDeInit:00000000 $t
C:\Users\User\AppData\Local\Temp\ccmBoJdl.s:217    .text.HAL_I2S_MspDeInit:00000000 HAL_I2S_MspDeInit
C:\Users\User\AppData\Local\Temp\ccmBoJdl.s:261    .text.HAL_I2S_MspDeInit:0000002c $d

UNDEFINED SYMBOLS
HAL_I2S_Init
Error_Handler
HAL_GPIO_Init
HAL_GPIO_DeInit
