ARM GAS  C:\Users\User\AppData\Local\Temp\ccM0E8OG.s 			page 1


   1              		.cpu cortex-m4
   2              		.eabi_attribute 27, 1
   3              		.eabi_attribute 28, 1
   4              		.eabi_attribute 20, 1
   5              		.eabi_attribute 21, 1
   6              		.eabi_attribute 23, 3
   7              		.eabi_attribute 24, 1
   8              		.eabi_attribute 25, 1
   9              		.eabi_attribute 26, 1
  10              		.eabi_attribute 30, 1
  11              		.eabi_attribute 34, 1
  12              		.eabi_attribute 18, 4
  13              		.file	"spi.c"
  14              		.text
  15              	.Ltext0:
  16              		.cfi_sections	.debug_frame
  17              		.section	.text.MX_SPI1_Init,"ax",%progbits
  18              		.align	1
  19              		.global	MX_SPI1_Init
  20              		.syntax unified
  21              		.thumb
  22              		.thumb_func
  23              		.fpu fpv4-sp-d16
  25              	MX_SPI1_Init:
  26              	.LFB130:
  27              		.file 1 "Core/Src/spi.c"
   1:Core/Src/spi.c **** /**
   2:Core/Src/spi.c ****   ******************************************************************************
   3:Core/Src/spi.c ****   * @file    spi.c
   4:Core/Src/spi.c ****   * @brief   This file provides code for the configuration
   5:Core/Src/spi.c ****   *          of the SPI instances.
   6:Core/Src/spi.c ****   ******************************************************************************
   7:Core/Src/spi.c ****   * @attention
   8:Core/Src/spi.c ****   *
   9:Core/Src/spi.c ****   * <h2><center>&copy; Copyright (c) 2021 STMicroelectronics.
  10:Core/Src/spi.c ****   * All rights reserved.</center></h2>
  11:Core/Src/spi.c ****   *
  12:Core/Src/spi.c ****   * This software component is licensed by ST under Ultimate Liberty license
  13:Core/Src/spi.c ****   * SLA0044, the "License"; You may not use this file except in compliance with
  14:Core/Src/spi.c ****   * the License. You may obtain a copy of the License at:
  15:Core/Src/spi.c ****   *                             www.st.com/SLA0044
  16:Core/Src/spi.c ****   *
  17:Core/Src/spi.c ****   ******************************************************************************
  18:Core/Src/spi.c ****   */
  19:Core/Src/spi.c **** 
  20:Core/Src/spi.c **** /* Includes ------------------------------------------------------------------*/
  21:Core/Src/spi.c **** #include "spi.h"
  22:Core/Src/spi.c **** 
  23:Core/Src/spi.c **** /* USER CODE BEGIN 0 */
  24:Core/Src/spi.c **** 
  25:Core/Src/spi.c **** /* USER CODE END 0 */
  26:Core/Src/spi.c **** 
  27:Core/Src/spi.c **** SPI_HandleTypeDef hspi1;
  28:Core/Src/spi.c **** 
  29:Core/Src/spi.c **** /* SPI1 init function */
  30:Core/Src/spi.c **** void MX_SPI1_Init(void)
  31:Core/Src/spi.c **** {
ARM GAS  C:\Users\User\AppData\Local\Temp\ccM0E8OG.s 			page 2


  28              		.loc 1 31 0
  29              		.cfi_startproc
  30              		@ args = 0, pretend = 0, frame = 0
  31              		@ frame_needed = 0, uses_anonymous_args = 0
  32 0000 08B5     		push	{r3, lr}
  33              	.LCFI0:
  34              		.cfi_def_cfa_offset 8
  35              		.cfi_offset 3, -8
  36              		.cfi_offset 14, -4
  32:Core/Src/spi.c **** 
  33:Core/Src/spi.c ****   hspi1.Instance = SPI1;
  37              		.loc 1 33 0
  38 0002 0D48     		ldr	r0, .L5
  39 0004 0D4B     		ldr	r3, .L5+4
  40 0006 0360     		str	r3, [r0]
  34:Core/Src/spi.c ****   hspi1.Init.Mode = SPI_MODE_MASTER;
  41              		.loc 1 34 0
  42 0008 4FF48273 		mov	r3, #260
  43 000c 4360     		str	r3, [r0, #4]
  35:Core/Src/spi.c ****   hspi1.Init.Direction = SPI_DIRECTION_2LINES;
  44              		.loc 1 35 0
  45 000e 0023     		movs	r3, #0
  46 0010 8360     		str	r3, [r0, #8]
  36:Core/Src/spi.c ****   hspi1.Init.DataSize = SPI_DATASIZE_8BIT;
  47              		.loc 1 36 0
  48 0012 C360     		str	r3, [r0, #12]
  37:Core/Src/spi.c ****   hspi1.Init.CLKPolarity = SPI_POLARITY_LOW;
  49              		.loc 1 37 0
  50 0014 0361     		str	r3, [r0, #16]
  38:Core/Src/spi.c ****   hspi1.Init.CLKPhase = SPI_PHASE_1EDGE;
  51              		.loc 1 38 0
  52 0016 4361     		str	r3, [r0, #20]
  39:Core/Src/spi.c ****   hspi1.Init.NSS = SPI_NSS_SOFT;
  53              		.loc 1 39 0
  54 0018 4FF40072 		mov	r2, #512
  55 001c 8261     		str	r2, [r0, #24]
  40:Core/Src/spi.c ****   hspi1.Init.BaudRatePrescaler = SPI_BAUDRATEPRESCALER_2;
  56              		.loc 1 40 0
  57 001e C361     		str	r3, [r0, #28]
  41:Core/Src/spi.c ****   hspi1.Init.FirstBit = SPI_FIRSTBIT_MSB;
  58              		.loc 1 41 0
  59 0020 0362     		str	r3, [r0, #32]
  42:Core/Src/spi.c ****   hspi1.Init.TIMode = SPI_TIMODE_DISABLE;
  60              		.loc 1 42 0
  61 0022 4362     		str	r3, [r0, #36]
  43:Core/Src/spi.c ****   hspi1.Init.CRCCalculation = SPI_CRCCALCULATION_DISABLE;
  62              		.loc 1 43 0
  63 0024 8362     		str	r3, [r0, #40]
  44:Core/Src/spi.c ****   hspi1.Init.CRCPolynomial = 10;
  64              		.loc 1 44 0
  65 0026 0A23     		movs	r3, #10
  66 0028 C362     		str	r3, [r0, #44]
  45:Core/Src/spi.c ****   if (HAL_SPI_Init(&hspi1) != HAL_OK)
  67              		.loc 1 45 0
  68 002a FFF7FEFF 		bl	HAL_SPI_Init
  69              	.LVL0:
  70 002e 00B9     		cbnz	r0, .L4
ARM GAS  C:\Users\User\AppData\Local\Temp\ccM0E8OG.s 			page 3


  71              	.L1:
  46:Core/Src/spi.c ****   {
  47:Core/Src/spi.c ****     Error_Handler();
  48:Core/Src/spi.c ****   }
  49:Core/Src/spi.c **** 
  50:Core/Src/spi.c **** }
  72              		.loc 1 50 0
  73 0030 08BD     		pop	{r3, pc}
  74              	.L4:
  47:Core/Src/spi.c ****   }
  75              		.loc 1 47 0
  76 0032 FFF7FEFF 		bl	Error_Handler
  77              	.LVL1:
  78              		.loc 1 50 0
  79 0036 FBE7     		b	.L1
  80              	.L6:
  81              		.align	2
  82              	.L5:
  83 0038 00000000 		.word	hspi1
  84 003c 00300140 		.word	1073819648
  85              		.cfi_endproc
  86              	.LFE130:
  88              		.section	.text.HAL_SPI_MspInit,"ax",%progbits
  89              		.align	1
  90              		.global	HAL_SPI_MspInit
  91              		.syntax unified
  92              		.thumb
  93              		.thumb_func
  94              		.fpu fpv4-sp-d16
  96              	HAL_SPI_MspInit:
  97              	.LFB131:
  51:Core/Src/spi.c **** 
  52:Core/Src/spi.c **** void HAL_SPI_MspInit(SPI_HandleTypeDef* spiHandle)
  53:Core/Src/spi.c **** {
  98              		.loc 1 53 0
  99              		.cfi_startproc
 100              		@ args = 0, pretend = 0, frame = 32
 101              		@ frame_needed = 0, uses_anonymous_args = 0
 102              	.LVL2:
 103 0000 00B5     		push	{lr}
 104              	.LCFI1:
 105              		.cfi_def_cfa_offset 4
 106              		.cfi_offset 14, -4
 107 0002 89B0     		sub	sp, sp, #36
 108              	.LCFI2:
 109              		.cfi_def_cfa_offset 40
  54:Core/Src/spi.c **** 
  55:Core/Src/spi.c ****   GPIO_InitTypeDef GPIO_InitStruct = {0};
 110              		.loc 1 55 0
 111 0004 0023     		movs	r3, #0
 112 0006 0393     		str	r3, [sp, #12]
 113 0008 0493     		str	r3, [sp, #16]
 114 000a 0593     		str	r3, [sp, #20]
 115 000c 0693     		str	r3, [sp, #24]
 116 000e 0793     		str	r3, [sp, #28]
  56:Core/Src/spi.c ****   if(spiHandle->Instance==SPI1)
 117              		.loc 1 56 0
ARM GAS  C:\Users\User\AppData\Local\Temp\ccM0E8OG.s 			page 4


 118 0010 0268     		ldr	r2, [r0]
 119 0012 144B     		ldr	r3, .L11
 120 0014 9A42     		cmp	r2, r3
 121 0016 02D0     		beq	.L10
 122              	.LVL3:
 123              	.L7:
  57:Core/Src/spi.c ****   {
  58:Core/Src/spi.c ****   /* USER CODE BEGIN SPI1_MspInit 0 */
  59:Core/Src/spi.c **** 
  60:Core/Src/spi.c ****   /* USER CODE END SPI1_MspInit 0 */
  61:Core/Src/spi.c ****     /* SPI1 clock enable */
  62:Core/Src/spi.c ****     __HAL_RCC_SPI1_CLK_ENABLE();
  63:Core/Src/spi.c **** 
  64:Core/Src/spi.c ****     __HAL_RCC_GPIOA_CLK_ENABLE();
  65:Core/Src/spi.c ****     /**SPI1 GPIO Configuration
  66:Core/Src/spi.c ****     PA5     ------> SPI1_SCK
  67:Core/Src/spi.c ****     PA6     ------> SPI1_MISO
  68:Core/Src/spi.c ****     PA7     ------> SPI1_MOSI
  69:Core/Src/spi.c ****     */
  70:Core/Src/spi.c ****     GPIO_InitStruct.Pin = SPI1_SCK_Pin|SPI1_MISO_Pin|SPI1_MOSI_Pin;
  71:Core/Src/spi.c ****     GPIO_InitStruct.Mode = GPIO_MODE_AF_PP;
  72:Core/Src/spi.c ****     GPIO_InitStruct.Pull = GPIO_NOPULL;
  73:Core/Src/spi.c ****     GPIO_InitStruct.Speed = GPIO_SPEED_FREQ_LOW;
  74:Core/Src/spi.c ****     GPIO_InitStruct.Alternate = GPIO_AF5_SPI1;
  75:Core/Src/spi.c ****     HAL_GPIO_Init(GPIOA, &GPIO_InitStruct);
  76:Core/Src/spi.c **** 
  77:Core/Src/spi.c ****   /* USER CODE BEGIN SPI1_MspInit 1 */
  78:Core/Src/spi.c **** 
  79:Core/Src/spi.c ****   /* USER CODE END SPI1_MspInit 1 */
  80:Core/Src/spi.c ****   }
  81:Core/Src/spi.c **** }
 124              		.loc 1 81 0
 125 0018 09B0     		add	sp, sp, #36
 126              	.LCFI3:
 127              		.cfi_remember_state
 128              		.cfi_def_cfa_offset 4
 129              		@ sp needed
 130 001a 5DF804FB 		ldr	pc, [sp], #4
 131              	.LVL4:
 132              	.L10:
 133              	.LCFI4:
 134              		.cfi_restore_state
 135              	.LBB2:
  62:Core/Src/spi.c **** 
 136              		.loc 1 62 0
 137 001e 0021     		movs	r1, #0
 138 0020 0191     		str	r1, [sp, #4]
 139 0022 03F58433 		add	r3, r3, #67584
 140 0026 5A6C     		ldr	r2, [r3, #68]
 141 0028 42F48052 		orr	r2, r2, #4096
 142 002c 5A64     		str	r2, [r3, #68]
 143 002e 5A6C     		ldr	r2, [r3, #68]
 144 0030 02F48052 		and	r2, r2, #4096
 145 0034 0192     		str	r2, [sp, #4]
 146 0036 019A     		ldr	r2, [sp, #4]
 147              	.LBE2:
 148              	.LBB3:
ARM GAS  C:\Users\User\AppData\Local\Temp\ccM0E8OG.s 			page 5


  64:Core/Src/spi.c ****     /**SPI1 GPIO Configuration
 149              		.loc 1 64 0
 150 0038 0291     		str	r1, [sp, #8]
 151 003a 1A6B     		ldr	r2, [r3, #48]
 152 003c 42F00102 		orr	r2, r2, #1
 153 0040 1A63     		str	r2, [r3, #48]
 154 0042 1B6B     		ldr	r3, [r3, #48]
 155 0044 03F00103 		and	r3, r3, #1
 156 0048 0293     		str	r3, [sp, #8]
 157 004a 029B     		ldr	r3, [sp, #8]
 158              	.LBE3:
  70:Core/Src/spi.c ****     GPIO_InitStruct.Mode = GPIO_MODE_AF_PP;
 159              		.loc 1 70 0
 160 004c E023     		movs	r3, #224
 161 004e 0393     		str	r3, [sp, #12]
  71:Core/Src/spi.c ****     GPIO_InitStruct.Pull = GPIO_NOPULL;
 162              		.loc 1 71 0
 163 0050 0223     		movs	r3, #2
 164 0052 0493     		str	r3, [sp, #16]
  74:Core/Src/spi.c ****     HAL_GPIO_Init(GPIOA, &GPIO_InitStruct);
 165              		.loc 1 74 0
 166 0054 0523     		movs	r3, #5
 167 0056 0793     		str	r3, [sp, #28]
  75:Core/Src/spi.c **** 
 168              		.loc 1 75 0
 169 0058 03A9     		add	r1, sp, #12
 170 005a 0348     		ldr	r0, .L11+4
 171              	.LVL5:
 172 005c FFF7FEFF 		bl	HAL_GPIO_Init
 173              	.LVL6:
 174              		.loc 1 81 0
 175 0060 DAE7     		b	.L7
 176              	.L12:
 177 0062 00BF     		.align	2
 178              	.L11:
 179 0064 00300140 		.word	1073819648
 180 0068 00000240 		.word	1073872896
 181              		.cfi_endproc
 182              	.LFE131:
 184              		.section	.text.HAL_SPI_MspDeInit,"ax",%progbits
 185              		.align	1
 186              		.global	HAL_SPI_MspDeInit
 187              		.syntax unified
 188              		.thumb
 189              		.thumb_func
 190              		.fpu fpv4-sp-d16
 192              	HAL_SPI_MspDeInit:
 193              	.LFB132:
  82:Core/Src/spi.c **** 
  83:Core/Src/spi.c **** void HAL_SPI_MspDeInit(SPI_HandleTypeDef* spiHandle)
  84:Core/Src/spi.c **** {
 194              		.loc 1 84 0
 195              		.cfi_startproc
 196              		@ args = 0, pretend = 0, frame = 0
 197              		@ frame_needed = 0, uses_anonymous_args = 0
 198              	.LVL7:
 199 0000 08B5     		push	{r3, lr}
ARM GAS  C:\Users\User\AppData\Local\Temp\ccM0E8OG.s 			page 6


 200              	.LCFI5:
 201              		.cfi_def_cfa_offset 8
 202              		.cfi_offset 3, -8
 203              		.cfi_offset 14, -4
  85:Core/Src/spi.c **** 
  86:Core/Src/spi.c ****   if(spiHandle->Instance==SPI1)
 204              		.loc 1 86 0
 205 0002 0268     		ldr	r2, [r0]
 206 0004 064B     		ldr	r3, .L17
 207 0006 9A42     		cmp	r2, r3
 208 0008 00D0     		beq	.L16
 209              	.LVL8:
 210              	.L13:
  87:Core/Src/spi.c ****   {
  88:Core/Src/spi.c ****   /* USER CODE BEGIN SPI1_MspDeInit 0 */
  89:Core/Src/spi.c **** 
  90:Core/Src/spi.c ****   /* USER CODE END SPI1_MspDeInit 0 */
  91:Core/Src/spi.c ****     /* Peripheral clock disable */
  92:Core/Src/spi.c ****     __HAL_RCC_SPI1_CLK_DISABLE();
  93:Core/Src/spi.c **** 
  94:Core/Src/spi.c ****     /**SPI1 GPIO Configuration
  95:Core/Src/spi.c ****     PA5     ------> SPI1_SCK
  96:Core/Src/spi.c ****     PA6     ------> SPI1_MISO
  97:Core/Src/spi.c ****     PA7     ------> SPI1_MOSI
  98:Core/Src/spi.c ****     */
  99:Core/Src/spi.c ****     HAL_GPIO_DeInit(GPIOA, SPI1_SCK_Pin|SPI1_MISO_Pin|SPI1_MOSI_Pin);
 100:Core/Src/spi.c **** 
 101:Core/Src/spi.c ****   /* USER CODE BEGIN SPI1_MspDeInit 1 */
 102:Core/Src/spi.c **** 
 103:Core/Src/spi.c ****   /* USER CODE END SPI1_MspDeInit 1 */
 104:Core/Src/spi.c ****   }
 105:Core/Src/spi.c **** }
 211              		.loc 1 105 0
 212 000a 08BD     		pop	{r3, pc}
 213              	.LVL9:
 214              	.L16:
  92:Core/Src/spi.c **** 
 215              		.loc 1 92 0
 216 000c 054A     		ldr	r2, .L17+4
 217 000e 536C     		ldr	r3, [r2, #68]
 218 0010 23F48053 		bic	r3, r3, #4096
 219 0014 5364     		str	r3, [r2, #68]
  99:Core/Src/spi.c **** 
 220              		.loc 1 99 0
 221 0016 E021     		movs	r1, #224
 222 0018 0348     		ldr	r0, .L17+8
 223              	.LVL10:
 224 001a FFF7FEFF 		bl	HAL_GPIO_DeInit
 225              	.LVL11:
 226              		.loc 1 105 0
 227 001e F4E7     		b	.L13
 228              	.L18:
 229              		.align	2
 230              	.L17:
 231 0020 00300140 		.word	1073819648
 232 0024 00380240 		.word	1073887232
 233 0028 00000240 		.word	1073872896
ARM GAS  C:\Users\User\AppData\Local\Temp\ccM0E8OG.s 			page 7


 234              		.cfi_endproc
 235              	.LFE132:
 237              		.comm	hspi1,88,4
 238              		.text
 239              	.Letext0:
 240              		.file 2 "d:\\stm32_project\\tool\\7-2018-q2-update\\arm-none-eabi\\include\\machine\\_default_type
 241              		.file 3 "d:\\stm32_project\\tool\\7-2018-q2-update\\arm-none-eabi\\include\\sys\\_stdint.h"
 242              		.file 4 "Drivers/CMSIS/Include/core_cm4.h"
 243              		.file 5 "Drivers/CMSIS/Device/ST/STM32F4xx/Include/system_stm32f4xx.h"
 244              		.file 6 "Drivers/CMSIS/Device/ST/STM32F4xx/Include/stm32f407xx.h"
 245              		.file 7 "Drivers/STM32F4xx_HAL_Driver/Inc/stm32f4xx_hal_def.h"
 246              		.file 8 "Drivers/STM32F4xx_HAL_Driver/Inc/stm32f4xx_hal_gpio.h"
 247              		.file 9 "Drivers/STM32F4xx_HAL_Driver/Inc/stm32f4xx_hal_dma.h"
 248              		.file 10 "Drivers/STM32F4xx_HAL_Driver/Inc/stm32f4xx_hal_spi.h"
 249              		.file 11 "Drivers/STM32F4xx_HAL_Driver/Inc/stm32f4xx_hal.h"
 250              		.file 12 "Core/Inc/spi.h"
 251              		.file 13 "Core/Inc/main.h"
ARM GAS  C:\Users\User\AppData\Local\Temp\ccM0E8OG.s 			page 8


DEFINED SYMBOLS
                            *ABS*:00000000 spi.c
C:\Users\User\AppData\Local\Temp\ccM0E8OG.s:18     .text.MX_SPI1_Init:00000000 $t
C:\Users\User\AppData\Local\Temp\ccM0E8OG.s:25     .text.MX_SPI1_Init:00000000 MX_SPI1_Init
C:\Users\User\AppData\Local\Temp\ccM0E8OG.s:83     .text.MX_SPI1_Init:00000038 $d
                            *COM*:00000058 hspi1
C:\Users\User\AppData\Local\Temp\ccM0E8OG.s:89     .text.HAL_SPI_MspInit:00000000 $t
C:\Users\User\AppData\Local\Temp\ccM0E8OG.s:96     .text.HAL_SPI_MspInit:00000000 HAL_SPI_MspInit
C:\Users\User\AppData\Local\Temp\ccM0E8OG.s:179    .text.HAL_SPI_MspInit:00000064 $d
C:\Users\User\AppData\Local\Temp\ccM0E8OG.s:185    .text.HAL_SPI_MspDeInit:00000000 $t
C:\Users\User\AppData\Local\Temp\ccM0E8OG.s:192    .text.HAL_SPI_MspDeInit:00000000 HAL_SPI_MspDeInit
C:\Users\User\AppData\Local\Temp\ccM0E8OG.s:231    .text.HAL_SPI_MspDeInit:00000020 $d

UNDEFINED SYMBOLS
HAL_SPI_Init
Error_Handler
HAL_GPIO_Init
HAL_GPIO_DeInit
