ARM GAS  C:\Users\User\AppData\Local\Temp\ccDLBL12.s 			page 1


   1              		.cpu cortex-m4
   2              		.eabi_attribute 27, 1
   3              		.eabi_attribute 28, 1
   4              		.eabi_attribute 20, 1
   5              		.eabi_attribute 21, 1
   6              		.eabi_attribute 23, 3
   7              		.eabi_attribute 24, 1
   8              		.eabi_attribute 25, 1
   9              		.eabi_attribute 26, 1
  10              		.eabi_attribute 30, 1
  11              		.eabi_attribute 34, 1
  12              		.eabi_attribute 18, 4
  13              		.file	"usb_host.c"
  14              		.text
  15              	.Ltext0:
  16              		.cfi_sections	.debug_frame
  17              		.section	.text.USBH_UserProcess,"ax",%progbits
  18              		.align	1
  19              		.syntax unified
  20              		.thumb
  21              		.thumb_func
  22              		.fpu fpv4-sp-d16
  24              	USBH_UserProcess:
  25              	.LFB135:
  26              		.file 1 "USB_HOST/App/usb_host.c"
   1:USB_HOST/App/usb_host.c **** /* USER CODE BEGIN Header */
   2:USB_HOST/App/usb_host.c **** /**
   3:USB_HOST/App/usb_host.c ****   ******************************************************************************
   4:USB_HOST/App/usb_host.c ****   * @file            : usb_host.c
   5:USB_HOST/App/usb_host.c ****   * @version         : v1.0_Cube
   6:USB_HOST/App/usb_host.c ****   * @brief           : This file implements the USB Host
   7:USB_HOST/App/usb_host.c ****   ******************************************************************************
   8:USB_HOST/App/usb_host.c ****   * @attention
   9:USB_HOST/App/usb_host.c ****   *
  10:USB_HOST/App/usb_host.c ****   * <h2><center>&copy; Copyright (c) 2021 STMicroelectronics.
  11:USB_HOST/App/usb_host.c ****   * All rights reserved.</center></h2>
  12:USB_HOST/App/usb_host.c ****   *
  13:USB_HOST/App/usb_host.c ****   * This software component is licensed by ST under Ultimate Liberty license
  14:USB_HOST/App/usb_host.c ****   * SLA0044, the "License"; You may not use this file except in compliance with
  15:USB_HOST/App/usb_host.c ****   * the License. You may obtain a copy of the License at:
  16:USB_HOST/App/usb_host.c ****   *                             www.st.com/SLA0044
  17:USB_HOST/App/usb_host.c ****   *
  18:USB_HOST/App/usb_host.c ****   ******************************************************************************
  19:USB_HOST/App/usb_host.c ****   */
  20:USB_HOST/App/usb_host.c **** /* USER CODE END Header */
  21:USB_HOST/App/usb_host.c **** 
  22:USB_HOST/App/usb_host.c **** /* Includes ------------------------------------------------------------------*/
  23:USB_HOST/App/usb_host.c **** 
  24:USB_HOST/App/usb_host.c **** #include "usb_host.h"
  25:USB_HOST/App/usb_host.c **** #include "usbh_core.h"
  26:USB_HOST/App/usb_host.c **** #include "usbh_cdc.h"
  27:USB_HOST/App/usb_host.c **** 
  28:USB_HOST/App/usb_host.c **** /* USER CODE BEGIN Includes */
  29:USB_HOST/App/usb_host.c **** 
  30:USB_HOST/App/usb_host.c **** /* USER CODE END Includes */
  31:USB_HOST/App/usb_host.c **** 
  32:USB_HOST/App/usb_host.c **** /* USER CODE BEGIN PV */
ARM GAS  C:\Users\User\AppData\Local\Temp\ccDLBL12.s 			page 2


  33:USB_HOST/App/usb_host.c **** /* Private variables ---------------------------------------------------------*/
  34:USB_HOST/App/usb_host.c **** 
  35:USB_HOST/App/usb_host.c **** /* USER CODE END PV */
  36:USB_HOST/App/usb_host.c **** 
  37:USB_HOST/App/usb_host.c **** /* USER CODE BEGIN PFP */
  38:USB_HOST/App/usb_host.c **** /* Private function prototypes -----------------------------------------------*/
  39:USB_HOST/App/usb_host.c **** 
  40:USB_HOST/App/usb_host.c **** /* USER CODE END PFP */
  41:USB_HOST/App/usb_host.c **** 
  42:USB_HOST/App/usb_host.c **** /* USB Host core handle declaration */
  43:USB_HOST/App/usb_host.c **** USBH_HandleTypeDef hUsbHostFS;
  44:USB_HOST/App/usb_host.c **** ApplicationTypeDef Appli_state = APPLICATION_IDLE;
  45:USB_HOST/App/usb_host.c **** 
  46:USB_HOST/App/usb_host.c **** /*
  47:USB_HOST/App/usb_host.c ****  * -- Insert your variables declaration here --
  48:USB_HOST/App/usb_host.c ****  */
  49:USB_HOST/App/usb_host.c **** /* USER CODE BEGIN 0 */
  50:USB_HOST/App/usb_host.c **** 
  51:USB_HOST/App/usb_host.c **** /* USER CODE END 0 */
  52:USB_HOST/App/usb_host.c **** 
  53:USB_HOST/App/usb_host.c **** /*
  54:USB_HOST/App/usb_host.c ****  * user callback declaration
  55:USB_HOST/App/usb_host.c ****  */
  56:USB_HOST/App/usb_host.c **** static void USBH_UserProcess(USBH_HandleTypeDef *phost, uint8_t id);
  57:USB_HOST/App/usb_host.c **** 
  58:USB_HOST/App/usb_host.c **** /*
  59:USB_HOST/App/usb_host.c ****  * -- Insert your external function declaration here --
  60:USB_HOST/App/usb_host.c ****  */
  61:USB_HOST/App/usb_host.c **** /* USER CODE BEGIN 1 */
  62:USB_HOST/App/usb_host.c **** 
  63:USB_HOST/App/usb_host.c **** /* USER CODE END 1 */
  64:USB_HOST/App/usb_host.c **** 
  65:USB_HOST/App/usb_host.c **** /**
  66:USB_HOST/App/usb_host.c ****   * Init USB host library, add supported class and start the library
  67:USB_HOST/App/usb_host.c ****   * @retval None
  68:USB_HOST/App/usb_host.c ****   */
  69:USB_HOST/App/usb_host.c **** void MX_USB_HOST_Init(void)
  70:USB_HOST/App/usb_host.c **** {
  71:USB_HOST/App/usb_host.c ****   /* USER CODE BEGIN USB_HOST_Init_PreTreatment */
  72:USB_HOST/App/usb_host.c **** 
  73:USB_HOST/App/usb_host.c ****   /* USER CODE END USB_HOST_Init_PreTreatment */
  74:USB_HOST/App/usb_host.c **** 
  75:USB_HOST/App/usb_host.c ****   /* Init host Library, add supported class and start the library. */
  76:USB_HOST/App/usb_host.c ****   if (USBH_Init(&hUsbHostFS, USBH_UserProcess, HOST_FS) != USBH_OK)
  77:USB_HOST/App/usb_host.c ****   {
  78:USB_HOST/App/usb_host.c ****     Error_Handler();
  79:USB_HOST/App/usb_host.c ****   }
  80:USB_HOST/App/usb_host.c ****   if (USBH_RegisterClass(&hUsbHostFS, USBH_CDC_CLASS) != USBH_OK)
  81:USB_HOST/App/usb_host.c ****   {
  82:USB_HOST/App/usb_host.c ****     Error_Handler();
  83:USB_HOST/App/usb_host.c ****   }
  84:USB_HOST/App/usb_host.c ****   if (USBH_Start(&hUsbHostFS) != USBH_OK)
  85:USB_HOST/App/usb_host.c ****   {
  86:USB_HOST/App/usb_host.c ****     Error_Handler();
  87:USB_HOST/App/usb_host.c ****   }
  88:USB_HOST/App/usb_host.c ****   /* USER CODE BEGIN USB_HOST_Init_PostTreatment */
  89:USB_HOST/App/usb_host.c **** 
ARM GAS  C:\Users\User\AppData\Local\Temp\ccDLBL12.s 			page 3


  90:USB_HOST/App/usb_host.c ****   /* USER CODE END USB_HOST_Init_PostTreatment */
  91:USB_HOST/App/usb_host.c **** }
  92:USB_HOST/App/usb_host.c **** 
  93:USB_HOST/App/usb_host.c **** /*
  94:USB_HOST/App/usb_host.c ****  * Background task
  95:USB_HOST/App/usb_host.c ****  */
  96:USB_HOST/App/usb_host.c **** void MX_USB_HOST_Process(void)
  97:USB_HOST/App/usb_host.c **** {
  98:USB_HOST/App/usb_host.c ****   /* USB Host Background task */
  99:USB_HOST/App/usb_host.c ****   USBH_Process(&hUsbHostFS);
 100:USB_HOST/App/usb_host.c **** }
 101:USB_HOST/App/usb_host.c **** /*
 102:USB_HOST/App/usb_host.c ****  * user callback definition
 103:USB_HOST/App/usb_host.c ****  */
 104:USB_HOST/App/usb_host.c **** static void USBH_UserProcess  (USBH_HandleTypeDef *phost, uint8_t id)
 105:USB_HOST/App/usb_host.c **** {
  27              		.loc 1 105 0
  28              		.cfi_startproc
  29              		@ args = 0, pretend = 0, frame = 0
  30              		@ frame_needed = 0, uses_anonymous_args = 0
  31              		@ link register save eliminated.
  32              	.LVL0:
 106:USB_HOST/App/usb_host.c ****   /* USER CODE BEGIN CALL_BACK_1 */
 107:USB_HOST/App/usb_host.c ****   switch(id)
  33              		.loc 1 107 0
  34 0000 0429     		cmp	r1, #4
  35 0002 0CD0     		beq	.L3
  36 0004 0529     		cmp	r1, #5
  37 0006 02D0     		beq	.L4
  38 0008 0229     		cmp	r1, #2
  39 000a 04D0     		beq	.L6
  40              	.L1:
 108:USB_HOST/App/usb_host.c ****   {
 109:USB_HOST/App/usb_host.c ****   case HOST_USER_SELECT_CONFIGURATION:
 110:USB_HOST/App/usb_host.c ****   break;
 111:USB_HOST/App/usb_host.c **** 
 112:USB_HOST/App/usb_host.c ****   case HOST_USER_DISCONNECTION:
 113:USB_HOST/App/usb_host.c ****   Appli_state = APPLICATION_DISCONNECT;
 114:USB_HOST/App/usb_host.c ****   break;
 115:USB_HOST/App/usb_host.c **** 
 116:USB_HOST/App/usb_host.c ****   case HOST_USER_CLASS_ACTIVE:
 117:USB_HOST/App/usb_host.c ****   Appli_state = APPLICATION_READY;
 118:USB_HOST/App/usb_host.c ****   break;
 119:USB_HOST/App/usb_host.c **** 
 120:USB_HOST/App/usb_host.c ****   case HOST_USER_CONNECTION:
 121:USB_HOST/App/usb_host.c ****   Appli_state = APPLICATION_START;
 122:USB_HOST/App/usb_host.c ****   break;
 123:USB_HOST/App/usb_host.c **** 
 124:USB_HOST/App/usb_host.c ****   default:
 125:USB_HOST/App/usb_host.c ****   break;
 126:USB_HOST/App/usb_host.c ****   }
 127:USB_HOST/App/usb_host.c ****   /* USER CODE END CALL_BACK_1 */
 128:USB_HOST/App/usb_host.c **** }
  41              		.loc 1 128 0
  42 000c 7047     		bx	lr
  43              	.L4:
 113:USB_HOST/App/usb_host.c ****   break;
ARM GAS  C:\Users\User\AppData\Local\Temp\ccDLBL12.s 			page 4


  44              		.loc 1 113 0
  45 000e 064B     		ldr	r3, .L7
  46 0010 0322     		movs	r2, #3
  47 0012 1A70     		strb	r2, [r3]
 114:USB_HOST/App/usb_host.c **** 
  48              		.loc 1 114 0
  49 0014 7047     		bx	lr
  50              	.L6:
 117:USB_HOST/App/usb_host.c ****   break;
  51              		.loc 1 117 0
  52 0016 044B     		ldr	r3, .L7
  53 0018 0222     		movs	r2, #2
  54 001a 1A70     		strb	r2, [r3]
 118:USB_HOST/App/usb_host.c **** 
  55              		.loc 1 118 0
  56 001c 7047     		bx	lr
  57              	.L3:
 121:USB_HOST/App/usb_host.c ****   break;
  58              		.loc 1 121 0
  59 001e 024B     		ldr	r3, .L7
  60 0020 0122     		movs	r2, #1
  61 0022 1A70     		strb	r2, [r3]
  62              		.loc 1 128 0
  63 0024 F2E7     		b	.L1
  64              	.L8:
  65 0026 00BF     		.align	2
  66              	.L7:
  67 0028 00000000 		.word	.LANCHOR0
  68              		.cfi_endproc
  69              	.LFE135:
  71              		.section	.text.MX_USB_HOST_Init,"ax",%progbits
  72              		.align	1
  73              		.global	MX_USB_HOST_Init
  74              		.syntax unified
  75              		.thumb
  76              		.thumb_func
  77              		.fpu fpv4-sp-d16
  79              	MX_USB_HOST_Init:
  80              	.LFB133:
  70:USB_HOST/App/usb_host.c ****   /* USER CODE BEGIN USB_HOST_Init_PreTreatment */
  81              		.loc 1 70 0
  82              		.cfi_startproc
  83              		@ args = 0, pretend = 0, frame = 0
  84              		@ frame_needed = 0, uses_anonymous_args = 0
  85 0000 08B5     		push	{r3, lr}
  86              	.LCFI0:
  87              		.cfi_def_cfa_offset 8
  88              		.cfi_offset 3, -8
  89              		.cfi_offset 14, -4
  76:USB_HOST/App/usb_host.c ****   {
  90              		.loc 1 76 0
  91 0002 0122     		movs	r2, #1
  92 0004 0B49     		ldr	r1, .L17
  93 0006 0C48     		ldr	r0, .L17+4
  94 0008 FFF7FEFF 		bl	USBH_Init
  95              	.LVL1:
  96 000c 48B9     		cbnz	r0, .L14
ARM GAS  C:\Users\User\AppData\Local\Temp\ccDLBL12.s 			page 5


  97              	.L10:
  80:USB_HOST/App/usb_host.c ****   {
  98              		.loc 1 80 0
  99 000e 0B49     		ldr	r1, .L17+8
 100 0010 0948     		ldr	r0, .L17+4
 101 0012 FFF7FEFF 		bl	USBH_RegisterClass
 102              	.LVL2:
 103 0016 38B9     		cbnz	r0, .L15
 104              	.L11:
  84:USB_HOST/App/usb_host.c ****   {
 105              		.loc 1 84 0
 106 0018 0748     		ldr	r0, .L17+4
 107 001a FFF7FEFF 		bl	USBH_Start
 108              	.LVL3:
 109 001e 30B9     		cbnz	r0, .L16
 110              	.L9:
  91:USB_HOST/App/usb_host.c **** 
 111              		.loc 1 91 0
 112 0020 08BD     		pop	{r3, pc}
 113              	.L14:
  78:USB_HOST/App/usb_host.c ****   }
 114              		.loc 1 78 0
 115 0022 FFF7FEFF 		bl	Error_Handler
 116              	.LVL4:
 117 0026 F2E7     		b	.L10
 118              	.L15:
  82:USB_HOST/App/usb_host.c ****   }
 119              		.loc 1 82 0
 120 0028 FFF7FEFF 		bl	Error_Handler
 121              	.LVL5:
 122 002c F4E7     		b	.L11
 123              	.L16:
  86:USB_HOST/App/usb_host.c ****   }
 124              		.loc 1 86 0
 125 002e FFF7FEFF 		bl	Error_Handler
 126              	.LVL6:
  91:USB_HOST/App/usb_host.c **** 
 127              		.loc 1 91 0
 128 0032 F5E7     		b	.L9
 129              	.L18:
 130              		.align	2
 131              	.L17:
 132 0034 00000000 		.word	USBH_UserProcess
 133 0038 00000000 		.word	hUsbHostFS
 134 003c 00000000 		.word	CDC_Class
 135              		.cfi_endproc
 136              	.LFE133:
 138              		.section	.text.MX_USB_HOST_Process,"ax",%progbits
 139              		.align	1
 140              		.global	MX_USB_HOST_Process
 141              		.syntax unified
 142              		.thumb
 143              		.thumb_func
 144              		.fpu fpv4-sp-d16
 146              	MX_USB_HOST_Process:
 147              	.LFB134:
  97:USB_HOST/App/usb_host.c ****   /* USB Host Background task */
ARM GAS  C:\Users\User\AppData\Local\Temp\ccDLBL12.s 			page 6


 148              		.loc 1 97 0
 149              		.cfi_startproc
 150              		@ args = 0, pretend = 0, frame = 0
 151              		@ frame_needed = 0, uses_anonymous_args = 0
 152 0000 08B5     		push	{r3, lr}
 153              	.LCFI1:
 154              		.cfi_def_cfa_offset 8
 155              		.cfi_offset 3, -8
 156              		.cfi_offset 14, -4
  99:USB_HOST/App/usb_host.c **** }
 157              		.loc 1 99 0
 158 0002 0248     		ldr	r0, .L21
 159 0004 FFF7FEFF 		bl	USBH_Process
 160              	.LVL7:
 100:USB_HOST/App/usb_host.c **** /*
 161              		.loc 1 100 0
 162 0008 08BD     		pop	{r3, pc}
 163              	.L22:
 164 000a 00BF     		.align	2
 165              	.L21:
 166 000c 00000000 		.word	hUsbHostFS
 167              		.cfi_endproc
 168              	.LFE134:
 170              		.global	Appli_state
 171              		.comm	hUsbHostFS,984,4
 172              		.section	.bss.Appli_state,"aw",%nobits
 173              		.set	.LANCHOR0,. + 0
 176              	Appli_state:
 177 0000 00       		.space	1
 178              		.text
 179              	.Letext0:
 180              		.file 2 "d:\\stm32_project\\tool\\7-2018-q2-update\\arm-none-eabi\\include\\machine\\_default_type
 181              		.file 3 "d:\\stm32_project\\tool\\7-2018-q2-update\\arm-none-eabi\\include\\sys\\_stdint.h"
 182              		.file 4 "Drivers/CMSIS/Include/core_cm4.h"
 183              		.file 5 "Drivers/CMSIS/Device/ST/STM32F4xx/Include/system_stm32f4xx.h"
 184              		.file 6 "Drivers/STM32F4xx_HAL_Driver/Inc/stm32f4xx_hal.h"
 185              		.file 7 "USB_HOST/App/usb_host.h"
 186              		.file 8 "d:\\stm32_project\\tool\\7-2018-q2-update\\arm-none-eabi\\include\\sys\\lock.h"
 187              		.file 9 "d:\\stm32_project\\tool\\7-2018-q2-update\\arm-none-eabi\\include\\sys\\_types.h"
 188              		.file 10 "d:\\stm32_project\\tool\\7-2018-q2-update\\lib\\gcc\\arm-none-eabi\\7.3.1\\include\\stdd
 189              		.file 11 "d:\\stm32_project\\tool\\7-2018-q2-update\\arm-none-eabi\\include\\sys\\reent.h"
 190              		.file 12 "d:\\stm32_project\\tool\\7-2018-q2-update\\arm-none-eabi\\include\\stdlib.h"
 191              		.file 13 "Middlewares/ST/STM32_USB_Host_Library/Core/Inc/usbh_def.h"
 192              		.file 14 "Middlewares/ST/STM32_USB_Host_Library/Core/Inc/usbh_ctlreq.h"
 193              		.file 15 "Middlewares/ST/STM32_USB_Host_Library/Class/CDC/Inc/usbh_cdc.h"
 194              		.file 16 "Middlewares/ST/STM32_USB_Host_Library/Core/Inc/usbh_core.h"
 195              		.file 17 "Core/Inc/main.h"
ARM GAS  C:\Users\User\AppData\Local\Temp\ccDLBL12.s 			page 7


DEFINED SYMBOLS
                            *ABS*:00000000 usb_host.c
C:\Users\User\AppData\Local\Temp\ccDLBL12.s:18     .text.USBH_UserProcess:00000000 $t
C:\Users\User\AppData\Local\Temp\ccDLBL12.s:24     .text.USBH_UserProcess:00000000 USBH_UserProcess
C:\Users\User\AppData\Local\Temp\ccDLBL12.s:67     .text.USBH_UserProcess:00000028 $d
C:\Users\User\AppData\Local\Temp\ccDLBL12.s:72     .text.MX_USB_HOST_Init:00000000 $t
C:\Users\User\AppData\Local\Temp\ccDLBL12.s:79     .text.MX_USB_HOST_Init:00000000 MX_USB_HOST_Init
C:\Users\User\AppData\Local\Temp\ccDLBL12.s:132    .text.MX_USB_HOST_Init:00000034 $d
                            *COM*:000003d8 hUsbHostFS
C:\Users\User\AppData\Local\Temp\ccDLBL12.s:139    .text.MX_USB_HOST_Process:00000000 $t
C:\Users\User\AppData\Local\Temp\ccDLBL12.s:146    .text.MX_USB_HOST_Process:00000000 MX_USB_HOST_Process
C:\Users\User\AppData\Local\Temp\ccDLBL12.s:166    .text.MX_USB_HOST_Process:0000000c $d
C:\Users\User\AppData\Local\Temp\ccDLBL12.s:176    .bss.Appli_state:00000000 Appli_state
C:\Users\User\AppData\Local\Temp\ccDLBL12.s:177    .bss.Appli_state:00000000 $d

UNDEFINED SYMBOLS
USBH_Init
USBH_RegisterClass
USBH_Start
Error_Handler
CDC_Class
USBH_Process
