ARM GAS  C:\Users\User\AppData\Local\Temp\cc0Wm5cQ.s 			page 1


   1              		.cpu cortex-m4
   2              		.eabi_attribute 27, 1
   3              		.eabi_attribute 28, 1
   4              		.eabi_attribute 20, 1
   5              		.eabi_attribute 21, 1
   6              		.eabi_attribute 23, 3
   7              		.eabi_attribute 24, 1
   8              		.eabi_attribute 25, 1
   9              		.eabi_attribute 26, 1
  10              		.eabi_attribute 30, 1
  11              		.eabi_attribute 34, 1
  12              		.eabi_attribute 18, 4
  13              		.file	"usbh_platform.c"
  14              		.text
  15              	.Ltext0:
  16              		.cfi_sections	.debug_frame
  17              		.section	.text.MX_DriverVbusFS,"ax",%progbits
  18              		.align	1
  19              		.global	MX_DriverVbusFS
  20              		.syntax unified
  21              		.thumb
  22              		.thumb_func
  23              		.fpu fpv4-sp-d16
  25              	MX_DriverVbusFS:
  26              	.LFB130:
  27              		.file 1 "USB_HOST/Target/usbh_platform.c"
   1:USB_HOST/Target/usbh_platform.c **** /* USER CODE BEGIN Header */
   2:USB_HOST/Target/usbh_platform.c **** /**
   3:USB_HOST/Target/usbh_platform.c ****   ******************************************************************************
   4:USB_HOST/Target/usbh_platform.c ****   * @file           : usbh_platform.c
   5:USB_HOST/Target/usbh_platform.c **** 
   6:USB_HOST/Target/usbh_platform.c ****   * @brief          : This file implements the USB platform
   7:USB_HOST/Target/usbh_platform.c ****   ******************************************************************************
   8:USB_HOST/Target/usbh_platform.c ****   * @attention
   9:USB_HOST/Target/usbh_platform.c ****   *
  10:USB_HOST/Target/usbh_platform.c ****   * <h2><center>&copy; Copyright (c) 2021 STMicroelectronics.
  11:USB_HOST/Target/usbh_platform.c ****   * All rights reserved.</center></h2>
  12:USB_HOST/Target/usbh_platform.c ****   *
  13:USB_HOST/Target/usbh_platform.c ****   * This software component is licensed by ST under Ultimate Liberty license
  14:USB_HOST/Target/usbh_platform.c ****   * SLA0044, the "License"; You may not use this file except in compliance with
  15:USB_HOST/Target/usbh_platform.c ****   * the License. You may obtain a copy of the License at:
  16:USB_HOST/Target/usbh_platform.c ****   *                             www.st.com/SLA0044
  17:USB_HOST/Target/usbh_platform.c ****   *
  18:USB_HOST/Target/usbh_platform.c ****   ******************************************************************************
  19:USB_HOST/Target/usbh_platform.c ****   */
  20:USB_HOST/Target/usbh_platform.c **** /* USER CODE END Header */
  21:USB_HOST/Target/usbh_platform.c **** 
  22:USB_HOST/Target/usbh_platform.c **** /* Includes ------------------------------------------------------------------*/
  23:USB_HOST/Target/usbh_platform.c **** #include "usbh_platform.h"
  24:USB_HOST/Target/usbh_platform.c **** 
  25:USB_HOST/Target/usbh_platform.c **** /* USER CODE BEGIN INCLUDE */
  26:USB_HOST/Target/usbh_platform.c **** 
  27:USB_HOST/Target/usbh_platform.c **** /* USER CODE END INCLUDE */
  28:USB_HOST/Target/usbh_platform.c **** 
  29:USB_HOST/Target/usbh_platform.c **** /**
  30:USB_HOST/Target/usbh_platform.c ****   * @brief  Drive VBUS.
  31:USB_HOST/Target/usbh_platform.c ****   * @param  state : VBUS state
ARM GAS  C:\Users\User\AppData\Local\Temp\cc0Wm5cQ.s 			page 2


  32:USB_HOST/Target/usbh_platform.c ****   *          This parameter can be one of the these values:
  33:USB_HOST/Target/usbh_platform.c ****   *           - 1 : VBUS Active
  34:USB_HOST/Target/usbh_platform.c ****   *           - 0 : VBUS Inactive
  35:USB_HOST/Target/usbh_platform.c ****   */
  36:USB_HOST/Target/usbh_platform.c **** void MX_DriverVbusFS(uint8_t state)
  37:USB_HOST/Target/usbh_platform.c **** {
  28              		.loc 1 37 0
  29              		.cfi_startproc
  30              		@ args = 0, pretend = 0, frame = 0
  31              		@ frame_needed = 0, uses_anonymous_args = 0
  32              	.LVL0:
  33 0000 08B5     		push	{r3, lr}
  34              	.LCFI0:
  35              		.cfi_def_cfa_offset 8
  36              		.cfi_offset 3, -8
  37              		.cfi_offset 14, -4
  38              	.LVL1:
  38:USB_HOST/Target/usbh_platform.c ****   uint8_t data = state;
  39:USB_HOST/Target/usbh_platform.c ****   /* USER CODE BEGIN PREPARE_GPIO_DATA_VBUS_FS */
  40:USB_HOST/Target/usbh_platform.c ****   if(state == 0)
  39              		.loc 1 40 0
  40 0002 28B1     		cbz	r0, .L5
  41:USB_HOST/Target/usbh_platform.c ****   {
  42:USB_HOST/Target/usbh_platform.c ****     /* Drive high Charge pump */
  43:USB_HOST/Target/usbh_platform.c ****     data = GPIO_PIN_SET;
  44:USB_HOST/Target/usbh_platform.c ****   }
  45:USB_HOST/Target/usbh_platform.c ****   else
  46:USB_HOST/Target/usbh_platform.c ****   {
  47:USB_HOST/Target/usbh_platform.c ****     /* Drive low Charge pump */
  48:USB_HOST/Target/usbh_platform.c ****     data = GPIO_PIN_RESET;
  41              		.loc 1 48 0
  42 0004 0022     		movs	r2, #0
  43              	.L2:
  44              	.LVL2:
  49:USB_HOST/Target/usbh_platform.c ****   }
  50:USB_HOST/Target/usbh_platform.c ****   /* USER CODE END PREPARE_GPIO_DATA_VBUS_FS */
  51:USB_HOST/Target/usbh_platform.c ****   HAL_GPIO_WritePin(GPIOC,GPIO_PIN_0,(GPIO_PinState)data);
  45              		.loc 1 51 0
  46 0006 0121     		movs	r1, #1
  47 0008 0248     		ldr	r0, .L6
  48              	.LVL3:
  49 000a FFF7FEFF 		bl	HAL_GPIO_WritePin
  50              	.LVL4:
  52:USB_HOST/Target/usbh_platform.c **** }
  51              		.loc 1 52 0
  52 000e 08BD     		pop	{r3, pc}
  53              	.LVL5:
  54              	.L5:
  43:USB_HOST/Target/usbh_platform.c ****   }
  55              		.loc 1 43 0
  56 0010 0122     		movs	r2, #1
  57 0012 F8E7     		b	.L2
  58              	.L7:
  59              		.align	2
  60              	.L6:
  61 0014 00080240 		.word	1073874944
  62              		.cfi_endproc
ARM GAS  C:\Users\User\AppData\Local\Temp\cc0Wm5cQ.s 			page 3


  63              	.LFE130:
  65              		.text
  66              	.Letext0:
  67              		.file 2 "d:\\stm32_project\\tool\\7-2018-q2-update\\arm-none-eabi\\include\\machine\\_default_type
  68              		.file 3 "d:\\stm32_project\\tool\\7-2018-q2-update\\arm-none-eabi\\include\\sys\\_stdint.h"
  69              		.file 4 "Drivers/CMSIS/Include/core_cm4.h"
  70              		.file 5 "Drivers/CMSIS/Device/ST/STM32F4xx/Include/system_stm32f4xx.h"
  71              		.file 6 "Drivers/CMSIS/Device/ST/STM32F4xx/Include/stm32f407xx.h"
  72              		.file 7 "Drivers/STM32F4xx_HAL_Driver/Inc/stm32f4xx_hal_gpio.h"
  73              		.file 8 "Drivers/STM32F4xx_HAL_Driver/Inc/stm32f4xx_hal.h"
ARM GAS  C:\Users\User\AppData\Local\Temp\cc0Wm5cQ.s 			page 4


DEFINED SYMBOLS
                            *ABS*:00000000 usbh_platform.c
C:\Users\User\AppData\Local\Temp\cc0Wm5cQ.s:18     .text.MX_DriverVbusFS:00000000 $t
C:\Users\User\AppData\Local\Temp\cc0Wm5cQ.s:25     .text.MX_DriverVbusFS:00000000 MX_DriverVbusFS
C:\Users\User\AppData\Local\Temp\cc0Wm5cQ.s:61     .text.MX_DriverVbusFS:00000014 $d

UNDEFINED SYMBOLS
HAL_GPIO_WritePin
