ARM GAS  C:\Users\User\AppData\Local\Temp\cckVOIIC.s 			page 1


   1              		.cpu cortex-m4
   2              		.eabi_attribute 27, 1
   3              		.eabi_attribute 28, 1
   4              		.eabi_attribute 20, 1
   5              		.eabi_attribute 21, 1
   6              		.eabi_attribute 23, 3
   7              		.eabi_attribute 24, 1
   8              		.eabi_attribute 25, 1
   9              		.eabi_attribute 26, 1
  10              		.eabi_attribute 30, 1
  11              		.eabi_attribute 34, 1
  12              		.eabi_attribute 18, 4
  13              		.file	"usbh_pipes.c"
  14              		.text
  15              	.Ltext0:
  16              		.cfi_sections	.debug_frame
  17              		.section	.text.USBH_GetFreePipe,"ax",%progbits
  18              		.align	1
  19              		.syntax unified
  20              		.thumb
  21              		.thumb_func
  22              		.fpu fpv4-sp-d16
  24              	USBH_GetFreePipe:
  25              	.LFB137:
  26              		.file 1 "Middlewares/ST/STM32_USB_Host_Library/Core/Src/usbh_pipes.c"
   1:Middlewares/ST/STM32_USB_Host_Library/Core/Src/usbh_pipes.c **** /**
   2:Middlewares/ST/STM32_USB_Host_Library/Core/Src/usbh_pipes.c ****   ******************************************************************************
   3:Middlewares/ST/STM32_USB_Host_Library/Core/Src/usbh_pipes.c ****   * @file    usbh_pipes.c
   4:Middlewares/ST/STM32_USB_Host_Library/Core/Src/usbh_pipes.c ****   * @author  MCD Application Team
   5:Middlewares/ST/STM32_USB_Host_Library/Core/Src/usbh_pipes.c ****   * @brief   This file implements functions for opening and closing Pipes
   6:Middlewares/ST/STM32_USB_Host_Library/Core/Src/usbh_pipes.c ****   ******************************************************************************
   7:Middlewares/ST/STM32_USB_Host_Library/Core/Src/usbh_pipes.c ****   * @attention
   8:Middlewares/ST/STM32_USB_Host_Library/Core/Src/usbh_pipes.c ****   *
   9:Middlewares/ST/STM32_USB_Host_Library/Core/Src/usbh_pipes.c ****   * <h2><center>&copy; Copyright (c) 2015 STMicroelectronics.
  10:Middlewares/ST/STM32_USB_Host_Library/Core/Src/usbh_pipes.c ****   * All rights reserved.</center></h2>
  11:Middlewares/ST/STM32_USB_Host_Library/Core/Src/usbh_pipes.c ****   *
  12:Middlewares/ST/STM32_USB_Host_Library/Core/Src/usbh_pipes.c ****   * This software component is licensed by ST under Ultimate Liberty license
  13:Middlewares/ST/STM32_USB_Host_Library/Core/Src/usbh_pipes.c ****   * SLA0044, the "License"; You may not use this file except in compliance with
  14:Middlewares/ST/STM32_USB_Host_Library/Core/Src/usbh_pipes.c ****   * the License. You may obtain a copy of the License at:
  15:Middlewares/ST/STM32_USB_Host_Library/Core/Src/usbh_pipes.c ****   *                      www.st.com/SLA0044
  16:Middlewares/ST/STM32_USB_Host_Library/Core/Src/usbh_pipes.c ****   *
  17:Middlewares/ST/STM32_USB_Host_Library/Core/Src/usbh_pipes.c ****   ******************************************************************************
  18:Middlewares/ST/STM32_USB_Host_Library/Core/Src/usbh_pipes.c ****   */
  19:Middlewares/ST/STM32_USB_Host_Library/Core/Src/usbh_pipes.c **** 
  20:Middlewares/ST/STM32_USB_Host_Library/Core/Src/usbh_pipes.c **** /* Includes ------------------------------------------------------------------*/
  21:Middlewares/ST/STM32_USB_Host_Library/Core/Src/usbh_pipes.c **** #include "usbh_pipes.h"
  22:Middlewares/ST/STM32_USB_Host_Library/Core/Src/usbh_pipes.c **** 
  23:Middlewares/ST/STM32_USB_Host_Library/Core/Src/usbh_pipes.c **** /** @addtogroup USBH_LIB
  24:Middlewares/ST/STM32_USB_Host_Library/Core/Src/usbh_pipes.c ****   * @{
  25:Middlewares/ST/STM32_USB_Host_Library/Core/Src/usbh_pipes.c ****   */
  26:Middlewares/ST/STM32_USB_Host_Library/Core/Src/usbh_pipes.c **** 
  27:Middlewares/ST/STM32_USB_Host_Library/Core/Src/usbh_pipes.c **** /** @addtogroup USBH_LIB_CORE
  28:Middlewares/ST/STM32_USB_Host_Library/Core/Src/usbh_pipes.c **** * @{
  29:Middlewares/ST/STM32_USB_Host_Library/Core/Src/usbh_pipes.c **** */
  30:Middlewares/ST/STM32_USB_Host_Library/Core/Src/usbh_pipes.c **** 
  31:Middlewares/ST/STM32_USB_Host_Library/Core/Src/usbh_pipes.c **** /** @defgroup USBH_PIPES
  32:Middlewares/ST/STM32_USB_Host_Library/Core/Src/usbh_pipes.c ****   * @brief This file includes opening and closing Pipes
ARM GAS  C:\Users\User\AppData\Local\Temp\cckVOIIC.s 			page 2


  33:Middlewares/ST/STM32_USB_Host_Library/Core/Src/usbh_pipes.c ****   * @{
  34:Middlewares/ST/STM32_USB_Host_Library/Core/Src/usbh_pipes.c ****   */
  35:Middlewares/ST/STM32_USB_Host_Library/Core/Src/usbh_pipes.c **** 
  36:Middlewares/ST/STM32_USB_Host_Library/Core/Src/usbh_pipes.c **** /** @defgroup USBH_PIPES_Private_Defines
  37:Middlewares/ST/STM32_USB_Host_Library/Core/Src/usbh_pipes.c ****   * @{
  38:Middlewares/ST/STM32_USB_Host_Library/Core/Src/usbh_pipes.c ****   */
  39:Middlewares/ST/STM32_USB_Host_Library/Core/Src/usbh_pipes.c **** /**
  40:Middlewares/ST/STM32_USB_Host_Library/Core/Src/usbh_pipes.c ****   * @}
  41:Middlewares/ST/STM32_USB_Host_Library/Core/Src/usbh_pipes.c ****   */
  42:Middlewares/ST/STM32_USB_Host_Library/Core/Src/usbh_pipes.c **** 
  43:Middlewares/ST/STM32_USB_Host_Library/Core/Src/usbh_pipes.c **** /** @defgroup USBH_PIPES_Private_TypesDefinitions
  44:Middlewares/ST/STM32_USB_Host_Library/Core/Src/usbh_pipes.c ****   * @{
  45:Middlewares/ST/STM32_USB_Host_Library/Core/Src/usbh_pipes.c ****   */
  46:Middlewares/ST/STM32_USB_Host_Library/Core/Src/usbh_pipes.c **** /**
  47:Middlewares/ST/STM32_USB_Host_Library/Core/Src/usbh_pipes.c ****   * @}
  48:Middlewares/ST/STM32_USB_Host_Library/Core/Src/usbh_pipes.c ****   */
  49:Middlewares/ST/STM32_USB_Host_Library/Core/Src/usbh_pipes.c **** 
  50:Middlewares/ST/STM32_USB_Host_Library/Core/Src/usbh_pipes.c **** 
  51:Middlewares/ST/STM32_USB_Host_Library/Core/Src/usbh_pipes.c **** /** @defgroup USBH_PIPES_Private_Macros
  52:Middlewares/ST/STM32_USB_Host_Library/Core/Src/usbh_pipes.c ****   * @{
  53:Middlewares/ST/STM32_USB_Host_Library/Core/Src/usbh_pipes.c ****   */
  54:Middlewares/ST/STM32_USB_Host_Library/Core/Src/usbh_pipes.c **** /**
  55:Middlewares/ST/STM32_USB_Host_Library/Core/Src/usbh_pipes.c ****   * @}
  56:Middlewares/ST/STM32_USB_Host_Library/Core/Src/usbh_pipes.c ****   */
  57:Middlewares/ST/STM32_USB_Host_Library/Core/Src/usbh_pipes.c **** 
  58:Middlewares/ST/STM32_USB_Host_Library/Core/Src/usbh_pipes.c **** 
  59:Middlewares/ST/STM32_USB_Host_Library/Core/Src/usbh_pipes.c **** /** @defgroup USBH_PIPES_Private_Variables
  60:Middlewares/ST/STM32_USB_Host_Library/Core/Src/usbh_pipes.c ****   * @{
  61:Middlewares/ST/STM32_USB_Host_Library/Core/Src/usbh_pipes.c ****   */
  62:Middlewares/ST/STM32_USB_Host_Library/Core/Src/usbh_pipes.c **** 
  63:Middlewares/ST/STM32_USB_Host_Library/Core/Src/usbh_pipes.c **** /**
  64:Middlewares/ST/STM32_USB_Host_Library/Core/Src/usbh_pipes.c ****   * @}
  65:Middlewares/ST/STM32_USB_Host_Library/Core/Src/usbh_pipes.c ****   */
  66:Middlewares/ST/STM32_USB_Host_Library/Core/Src/usbh_pipes.c **** 
  67:Middlewares/ST/STM32_USB_Host_Library/Core/Src/usbh_pipes.c **** 
  68:Middlewares/ST/STM32_USB_Host_Library/Core/Src/usbh_pipes.c **** /** @defgroup USBH_PIPES_Private_Functions
  69:Middlewares/ST/STM32_USB_Host_Library/Core/Src/usbh_pipes.c ****   * @{
  70:Middlewares/ST/STM32_USB_Host_Library/Core/Src/usbh_pipes.c ****   */
  71:Middlewares/ST/STM32_USB_Host_Library/Core/Src/usbh_pipes.c **** static uint16_t USBH_GetFreePipe(USBH_HandleTypeDef *phost);
  72:Middlewares/ST/STM32_USB_Host_Library/Core/Src/usbh_pipes.c **** 
  73:Middlewares/ST/STM32_USB_Host_Library/Core/Src/usbh_pipes.c **** 
  74:Middlewares/ST/STM32_USB_Host_Library/Core/Src/usbh_pipes.c **** /**
  75:Middlewares/ST/STM32_USB_Host_Library/Core/Src/usbh_pipes.c ****   * @brief  USBH_Open_Pipe
  76:Middlewares/ST/STM32_USB_Host_Library/Core/Src/usbh_pipes.c ****   *         Open a  pipe
  77:Middlewares/ST/STM32_USB_Host_Library/Core/Src/usbh_pipes.c ****   * @param  phost: Host Handle
  78:Middlewares/ST/STM32_USB_Host_Library/Core/Src/usbh_pipes.c ****   * @param  pipe_num: Pipe Number
  79:Middlewares/ST/STM32_USB_Host_Library/Core/Src/usbh_pipes.c ****   * @param  dev_address: USB Device address allocated to attached device
  80:Middlewares/ST/STM32_USB_Host_Library/Core/Src/usbh_pipes.c ****   * @param  speed : USB device speed (Full/Low)
  81:Middlewares/ST/STM32_USB_Host_Library/Core/Src/usbh_pipes.c ****   * @param  ep_type: end point type (Bulk/int/ctl)
  82:Middlewares/ST/STM32_USB_Host_Library/Core/Src/usbh_pipes.c ****   * @param  mps: max pkt size
  83:Middlewares/ST/STM32_USB_Host_Library/Core/Src/usbh_pipes.c ****   * @retval USBH Status
  84:Middlewares/ST/STM32_USB_Host_Library/Core/Src/usbh_pipes.c ****   */
  85:Middlewares/ST/STM32_USB_Host_Library/Core/Src/usbh_pipes.c **** USBH_StatusTypeDef USBH_OpenPipe(USBH_HandleTypeDef *phost, uint8_t pipe_num,
  86:Middlewares/ST/STM32_USB_Host_Library/Core/Src/usbh_pipes.c ****                                  uint8_t epnum, uint8_t dev_address,
  87:Middlewares/ST/STM32_USB_Host_Library/Core/Src/usbh_pipes.c ****                                  uint8_t speed, uint8_t ep_type, uint16_t mps)
  88:Middlewares/ST/STM32_USB_Host_Library/Core/Src/usbh_pipes.c **** {
  89:Middlewares/ST/STM32_USB_Host_Library/Core/Src/usbh_pipes.c ****   USBH_LL_OpenPipe(phost, pipe_num, epnum, dev_address, speed, ep_type, mps);
ARM GAS  C:\Users\User\AppData\Local\Temp\cckVOIIC.s 			page 3


  90:Middlewares/ST/STM32_USB_Host_Library/Core/Src/usbh_pipes.c **** 
  91:Middlewares/ST/STM32_USB_Host_Library/Core/Src/usbh_pipes.c ****   return USBH_OK;
  92:Middlewares/ST/STM32_USB_Host_Library/Core/Src/usbh_pipes.c **** }
  93:Middlewares/ST/STM32_USB_Host_Library/Core/Src/usbh_pipes.c **** 
  94:Middlewares/ST/STM32_USB_Host_Library/Core/Src/usbh_pipes.c **** 
  95:Middlewares/ST/STM32_USB_Host_Library/Core/Src/usbh_pipes.c **** /**
  96:Middlewares/ST/STM32_USB_Host_Library/Core/Src/usbh_pipes.c ****   * @brief  USBH_ClosePipe
  97:Middlewares/ST/STM32_USB_Host_Library/Core/Src/usbh_pipes.c ****   *         Close a  pipe
  98:Middlewares/ST/STM32_USB_Host_Library/Core/Src/usbh_pipes.c ****   * @param  phost: Host Handle
  99:Middlewares/ST/STM32_USB_Host_Library/Core/Src/usbh_pipes.c ****   * @param  pipe_num: Pipe Number
 100:Middlewares/ST/STM32_USB_Host_Library/Core/Src/usbh_pipes.c ****   * @retval USBH Status
 101:Middlewares/ST/STM32_USB_Host_Library/Core/Src/usbh_pipes.c ****   */
 102:Middlewares/ST/STM32_USB_Host_Library/Core/Src/usbh_pipes.c **** USBH_StatusTypeDef USBH_ClosePipe(USBH_HandleTypeDef *phost, uint8_t pipe_num)
 103:Middlewares/ST/STM32_USB_Host_Library/Core/Src/usbh_pipes.c **** {
 104:Middlewares/ST/STM32_USB_Host_Library/Core/Src/usbh_pipes.c ****   USBH_LL_ClosePipe(phost, pipe_num);
 105:Middlewares/ST/STM32_USB_Host_Library/Core/Src/usbh_pipes.c **** 
 106:Middlewares/ST/STM32_USB_Host_Library/Core/Src/usbh_pipes.c ****   return USBH_OK;
 107:Middlewares/ST/STM32_USB_Host_Library/Core/Src/usbh_pipes.c **** }
 108:Middlewares/ST/STM32_USB_Host_Library/Core/Src/usbh_pipes.c **** 
 109:Middlewares/ST/STM32_USB_Host_Library/Core/Src/usbh_pipes.c **** 
 110:Middlewares/ST/STM32_USB_Host_Library/Core/Src/usbh_pipes.c **** /**
 111:Middlewares/ST/STM32_USB_Host_Library/Core/Src/usbh_pipes.c ****   * @brief  USBH_Alloc_Pipe
 112:Middlewares/ST/STM32_USB_Host_Library/Core/Src/usbh_pipes.c ****   *         Allocate a new Pipe
 113:Middlewares/ST/STM32_USB_Host_Library/Core/Src/usbh_pipes.c ****   * @param  phost: Host Handle
 114:Middlewares/ST/STM32_USB_Host_Library/Core/Src/usbh_pipes.c ****   * @param  ep_addr: End point for which the Pipe to be allocated
 115:Middlewares/ST/STM32_USB_Host_Library/Core/Src/usbh_pipes.c ****   * @retval Pipe number
 116:Middlewares/ST/STM32_USB_Host_Library/Core/Src/usbh_pipes.c ****   */
 117:Middlewares/ST/STM32_USB_Host_Library/Core/Src/usbh_pipes.c **** uint8_t USBH_AllocPipe(USBH_HandleTypeDef *phost, uint8_t ep_addr)
 118:Middlewares/ST/STM32_USB_Host_Library/Core/Src/usbh_pipes.c **** {
 119:Middlewares/ST/STM32_USB_Host_Library/Core/Src/usbh_pipes.c ****   uint16_t pipe;
 120:Middlewares/ST/STM32_USB_Host_Library/Core/Src/usbh_pipes.c **** 
 121:Middlewares/ST/STM32_USB_Host_Library/Core/Src/usbh_pipes.c ****   pipe =  USBH_GetFreePipe(phost);
 122:Middlewares/ST/STM32_USB_Host_Library/Core/Src/usbh_pipes.c **** 
 123:Middlewares/ST/STM32_USB_Host_Library/Core/Src/usbh_pipes.c ****   if (pipe != 0xFFFFU)
 124:Middlewares/ST/STM32_USB_Host_Library/Core/Src/usbh_pipes.c ****   {
 125:Middlewares/ST/STM32_USB_Host_Library/Core/Src/usbh_pipes.c ****     phost->Pipes[pipe & 0xFU] = 0x8000U | ep_addr;
 126:Middlewares/ST/STM32_USB_Host_Library/Core/Src/usbh_pipes.c ****   }
 127:Middlewares/ST/STM32_USB_Host_Library/Core/Src/usbh_pipes.c **** 
 128:Middlewares/ST/STM32_USB_Host_Library/Core/Src/usbh_pipes.c ****   return (uint8_t)pipe;
 129:Middlewares/ST/STM32_USB_Host_Library/Core/Src/usbh_pipes.c **** }
 130:Middlewares/ST/STM32_USB_Host_Library/Core/Src/usbh_pipes.c **** 
 131:Middlewares/ST/STM32_USB_Host_Library/Core/Src/usbh_pipes.c **** 
 132:Middlewares/ST/STM32_USB_Host_Library/Core/Src/usbh_pipes.c **** /**
 133:Middlewares/ST/STM32_USB_Host_Library/Core/Src/usbh_pipes.c ****   * @brief  USBH_Free_Pipe
 134:Middlewares/ST/STM32_USB_Host_Library/Core/Src/usbh_pipes.c ****   *         Free the USB Pipe
 135:Middlewares/ST/STM32_USB_Host_Library/Core/Src/usbh_pipes.c ****   * @param  phost: Host Handle
 136:Middlewares/ST/STM32_USB_Host_Library/Core/Src/usbh_pipes.c ****   * @param  idx: Pipe number to be freed
 137:Middlewares/ST/STM32_USB_Host_Library/Core/Src/usbh_pipes.c ****   * @retval USBH Status
 138:Middlewares/ST/STM32_USB_Host_Library/Core/Src/usbh_pipes.c ****   */
 139:Middlewares/ST/STM32_USB_Host_Library/Core/Src/usbh_pipes.c **** USBH_StatusTypeDef USBH_FreePipe(USBH_HandleTypeDef *phost, uint8_t idx)
 140:Middlewares/ST/STM32_USB_Host_Library/Core/Src/usbh_pipes.c **** {
 141:Middlewares/ST/STM32_USB_Host_Library/Core/Src/usbh_pipes.c ****   if (idx < 11U)
 142:Middlewares/ST/STM32_USB_Host_Library/Core/Src/usbh_pipes.c ****   {
 143:Middlewares/ST/STM32_USB_Host_Library/Core/Src/usbh_pipes.c ****     phost->Pipes[idx] &= 0x7FFFU;
 144:Middlewares/ST/STM32_USB_Host_Library/Core/Src/usbh_pipes.c ****   }
 145:Middlewares/ST/STM32_USB_Host_Library/Core/Src/usbh_pipes.c **** 
 146:Middlewares/ST/STM32_USB_Host_Library/Core/Src/usbh_pipes.c ****   return USBH_OK;
ARM GAS  C:\Users\User\AppData\Local\Temp\cckVOIIC.s 			page 4


 147:Middlewares/ST/STM32_USB_Host_Library/Core/Src/usbh_pipes.c **** }
 148:Middlewares/ST/STM32_USB_Host_Library/Core/Src/usbh_pipes.c **** 
 149:Middlewares/ST/STM32_USB_Host_Library/Core/Src/usbh_pipes.c **** 
 150:Middlewares/ST/STM32_USB_Host_Library/Core/Src/usbh_pipes.c **** /**
 151:Middlewares/ST/STM32_USB_Host_Library/Core/Src/usbh_pipes.c ****   * @brief  USBH_GetFreePipe
 152:Middlewares/ST/STM32_USB_Host_Library/Core/Src/usbh_pipes.c ****   * @param  phost: Host Handle
 153:Middlewares/ST/STM32_USB_Host_Library/Core/Src/usbh_pipes.c ****   *         Get a free Pipe number for allocation to a device endpoint
 154:Middlewares/ST/STM32_USB_Host_Library/Core/Src/usbh_pipes.c ****   * @retval idx: Free Pipe number
 155:Middlewares/ST/STM32_USB_Host_Library/Core/Src/usbh_pipes.c ****   */
 156:Middlewares/ST/STM32_USB_Host_Library/Core/Src/usbh_pipes.c **** static uint16_t USBH_GetFreePipe(USBH_HandleTypeDef *phost)
 157:Middlewares/ST/STM32_USB_Host_Library/Core/Src/usbh_pipes.c **** {
  27              		.loc 1 157 0
  28              		.cfi_startproc
  29              		@ args = 0, pretend = 0, frame = 0
  30              		@ frame_needed = 0, uses_anonymous_args = 0
  31              		@ link register save eliminated.
  32              	.LVL0:
 158:Middlewares/ST/STM32_USB_Host_Library/Core/Src/usbh_pipes.c ****   uint8_t idx = 0U;
 159:Middlewares/ST/STM32_USB_Host_Library/Core/Src/usbh_pipes.c **** 
 160:Middlewares/ST/STM32_USB_Host_Library/Core/Src/usbh_pipes.c ****   for (idx = 0U ; idx < 11U ; idx++)
  33              		.loc 1 160 0
  34 0000 0023     		movs	r3, #0
  35              	.LVL1:
  36              	.L2:
  37              		.loc 1 160 0 is_stmt 0 discriminator 1
  38 0002 0A2B     		cmp	r3, #10
  39 0004 0CD8     		bhi	.L6
 161:Middlewares/ST/STM32_USB_Host_Library/Core/Src/usbh_pipes.c ****   {
 162:Middlewares/ST/STM32_USB_Host_Library/Core/Src/usbh_pipes.c ****     if ((phost->Pipes[idx] & 0x8000U) == 0U)
  40              		.loc 1 162 0 is_stmt 1
  41 0006 03F1E002 		add	r2, r3, #224
  42 000a 00EB8202 		add	r2, r0, r2, lsl #2
  43 000e 5268     		ldr	r2, [r2, #4]
  44 0010 12F4004F 		tst	r2, #32768
  45 0014 02D0     		beq	.L7
 160:Middlewares/ST/STM32_USB_Host_Library/Core/Src/usbh_pipes.c ****   {
  46              		.loc 1 160 0 discriminator 2
  47 0016 0133     		adds	r3, r3, #1
  48              	.LVL2:
  49 0018 DBB2     		uxtb	r3, r3
  50              	.LVL3:
  51 001a F2E7     		b	.L2
  52              	.L7:
 163:Middlewares/ST/STM32_USB_Host_Library/Core/Src/usbh_pipes.c ****     {
 164:Middlewares/ST/STM32_USB_Host_Library/Core/Src/usbh_pipes.c ****       return (uint16_t)idx;
  53              		.loc 1 164 0
  54 001c 98B2     		uxth	r0, r3
  55              	.LVL4:
  56 001e 7047     		bx	lr
  57              	.LVL5:
  58              	.L6:
 165:Middlewares/ST/STM32_USB_Host_Library/Core/Src/usbh_pipes.c ****     }
 166:Middlewares/ST/STM32_USB_Host_Library/Core/Src/usbh_pipes.c ****   }
 167:Middlewares/ST/STM32_USB_Host_Library/Core/Src/usbh_pipes.c **** 
 168:Middlewares/ST/STM32_USB_Host_Library/Core/Src/usbh_pipes.c ****   return 0xFFFFU;
  59              		.loc 1 168 0
  60 0020 4FF6FF70 		movw	r0, #65535
ARM GAS  C:\Users\User\AppData\Local\Temp\cckVOIIC.s 			page 5


  61              	.LVL6:
 169:Middlewares/ST/STM32_USB_Host_Library/Core/Src/usbh_pipes.c **** }
  62              		.loc 1 169 0
  63 0024 7047     		bx	lr
  64              		.cfi_endproc
  65              	.LFE137:
  67              		.section	.text.USBH_OpenPipe,"ax",%progbits
  68              		.align	1
  69              		.global	USBH_OpenPipe
  70              		.syntax unified
  71              		.thumb
  72              		.thumb_func
  73              		.fpu fpv4-sp-d16
  75              	USBH_OpenPipe:
  76              	.LFB133:
  88:Middlewares/ST/STM32_USB_Host_Library/Core/Src/usbh_pipes.c ****   USBH_LL_OpenPipe(phost, pipe_num, epnum, dev_address, speed, ep_type, mps);
  77              		.loc 1 88 0
  78              		.cfi_startproc
  79              		@ args = 12, pretend = 0, frame = 0
  80              		@ frame_needed = 0, uses_anonymous_args = 0
  81              	.LVL7:
  82 0000 10B5     		push	{r4, lr}
  83              	.LCFI0:
  84              		.cfi_def_cfa_offset 8
  85              		.cfi_offset 4, -8
  86              		.cfi_offset 14, -4
  87 0002 84B0     		sub	sp, sp, #16
  88              	.LCFI1:
  89              		.cfi_def_cfa_offset 24
  89:Middlewares/ST/STM32_USB_Host_Library/Core/Src/usbh_pipes.c **** 
  90              		.loc 1 89 0
  91 0004 BDF82040 		ldrh	r4, [sp, #32]
  92 0008 0294     		str	r4, [sp, #8]
  93 000a 9DF81C40 		ldrb	r4, [sp, #28]	@ zero_extendqisi2
  94 000e 0194     		str	r4, [sp, #4]
  95 0010 9DF81840 		ldrb	r4, [sp, #24]	@ zero_extendqisi2
  96 0014 0094     		str	r4, [sp]
  97 0016 FFF7FEFF 		bl	USBH_LL_OpenPipe
  98              	.LVL8:
  92:Middlewares/ST/STM32_USB_Host_Library/Core/Src/usbh_pipes.c **** 
  99              		.loc 1 92 0
 100 001a 0020     		movs	r0, #0
 101 001c 04B0     		add	sp, sp, #16
 102              	.LCFI2:
 103              		.cfi_def_cfa_offset 8
 104              		@ sp needed
 105 001e 10BD     		pop	{r4, pc}
 106              		.cfi_endproc
 107              	.LFE133:
 109              		.section	.text.USBH_ClosePipe,"ax",%progbits
 110              		.align	1
 111              		.global	USBH_ClosePipe
 112              		.syntax unified
 113              		.thumb
 114              		.thumb_func
 115              		.fpu fpv4-sp-d16
 117              	USBH_ClosePipe:
ARM GAS  C:\Users\User\AppData\Local\Temp\cckVOIIC.s 			page 6


 118              	.LFB134:
 103:Middlewares/ST/STM32_USB_Host_Library/Core/Src/usbh_pipes.c ****   USBH_LL_ClosePipe(phost, pipe_num);
 119              		.loc 1 103 0
 120              		.cfi_startproc
 121              		@ args = 0, pretend = 0, frame = 0
 122              		@ frame_needed = 0, uses_anonymous_args = 0
 123              	.LVL9:
 124 0000 08B5     		push	{r3, lr}
 125              	.LCFI3:
 126              		.cfi_def_cfa_offset 8
 127              		.cfi_offset 3, -8
 128              		.cfi_offset 14, -4
 104:Middlewares/ST/STM32_USB_Host_Library/Core/Src/usbh_pipes.c **** 
 129              		.loc 1 104 0
 130 0002 FFF7FEFF 		bl	USBH_LL_ClosePipe
 131              	.LVL10:
 107:Middlewares/ST/STM32_USB_Host_Library/Core/Src/usbh_pipes.c **** 
 132              		.loc 1 107 0
 133 0006 0020     		movs	r0, #0
 134 0008 08BD     		pop	{r3, pc}
 135              		.cfi_endproc
 136              	.LFE134:
 138              		.section	.text.USBH_AllocPipe,"ax",%progbits
 139              		.align	1
 140              		.global	USBH_AllocPipe
 141              		.syntax unified
 142              		.thumb
 143              		.thumb_func
 144              		.fpu fpv4-sp-d16
 146              	USBH_AllocPipe:
 147              	.LFB135:
 118:Middlewares/ST/STM32_USB_Host_Library/Core/Src/usbh_pipes.c ****   uint16_t pipe;
 148              		.loc 1 118 0
 149              		.cfi_startproc
 150              		@ args = 0, pretend = 0, frame = 0
 151              		@ frame_needed = 0, uses_anonymous_args = 0
 152              	.LVL11:
 153 0000 38B5     		push	{r3, r4, r5, lr}
 154              	.LCFI4:
 155              		.cfi_def_cfa_offset 16
 156              		.cfi_offset 3, -16
 157              		.cfi_offset 4, -12
 158              		.cfi_offset 5, -8
 159              		.cfi_offset 14, -4
 160 0002 0446     		mov	r4, r0
 161 0004 0D46     		mov	r5, r1
 121:Middlewares/ST/STM32_USB_Host_Library/Core/Src/usbh_pipes.c **** 
 162              		.loc 1 121 0
 163 0006 FFF7FEFF 		bl	USBH_GetFreePipe
 164              	.LVL12:
 123:Middlewares/ST/STM32_USB_Host_Library/Core/Src/usbh_pipes.c ****   {
 165              		.loc 1 123 0
 166 000a 4FF6FF73 		movw	r3, #65535
 167 000e 9842     		cmp	r0, r3
 168 0010 07D0     		beq	.L13
 125:Middlewares/ST/STM32_USB_Host_Library/Core/Src/usbh_pipes.c ****   }
 169              		.loc 1 125 0
ARM GAS  C:\Users\User\AppData\Local\Temp\cckVOIIC.s 			page 7


 170 0012 00F00F03 		and	r3, r0, #15
 171 0016 45F40045 		orr	r5, r5, #32768
 172 001a E033     		adds	r3, r3, #224
 173 001c 04EB8303 		add	r3, r4, r3, lsl #2
 174 0020 5D60     		str	r5, [r3, #4]
 175              	.L13:
 129:Middlewares/ST/STM32_USB_Host_Library/Core/Src/usbh_pipes.c **** 
 176              		.loc 1 129 0
 177 0022 C0B2     		uxtb	r0, r0
 178              	.LVL13:
 179 0024 38BD     		pop	{r3, r4, r5, pc}
 180              		.cfi_endproc
 181              	.LFE135:
 183              		.section	.text.USBH_FreePipe,"ax",%progbits
 184              		.align	1
 185              		.global	USBH_FreePipe
 186              		.syntax unified
 187              		.thumb
 188              		.thumb_func
 189              		.fpu fpv4-sp-d16
 191              	USBH_FreePipe:
 192              	.LFB136:
 140:Middlewares/ST/STM32_USB_Host_Library/Core/Src/usbh_pipes.c ****   if (idx < 11U)
 193              		.loc 1 140 0
 194              		.cfi_startproc
 195              		@ args = 0, pretend = 0, frame = 0
 196              		@ frame_needed = 0, uses_anonymous_args = 0
 197              		@ link register save eliminated.
 198              	.LVL14:
 141:Middlewares/ST/STM32_USB_Host_Library/Core/Src/usbh_pipes.c ****   {
 199              		.loc 1 141 0
 200 0000 0A29     		cmp	r1, #10
 201 0002 06D8     		bhi	.L16
 143:Middlewares/ST/STM32_USB_Host_Library/Core/Src/usbh_pipes.c ****   }
 202              		.loc 1 143 0
 203 0004 E031     		adds	r1, r1, #224
 204              	.LVL15:
 205 0006 00EB8101 		add	r1, r0, r1, lsl #2
 206 000a 4B68     		ldr	r3, [r1, #4]
 207 000c C3F30E03 		ubfx	r3, r3, #0, #15
 208 0010 4B60     		str	r3, [r1, #4]
 209              	.L16:
 147:Middlewares/ST/STM32_USB_Host_Library/Core/Src/usbh_pipes.c **** 
 210              		.loc 1 147 0
 211 0012 0020     		movs	r0, #0
 212              	.LVL16:
 213 0014 7047     		bx	lr
 214              		.cfi_endproc
 215              	.LFE136:
 217              		.text
 218              	.Letext0:
 219              		.file 2 "d:\\stm32_project\\tool\\7-2018-q2-update\\arm-none-eabi\\include\\machine\\_default_type
 220              		.file 3 "d:\\stm32_project\\tool\\7-2018-q2-update\\arm-none-eabi\\include\\sys\\lock.h"
 221              		.file 4 "d:\\stm32_project\\tool\\7-2018-q2-update\\arm-none-eabi\\include\\sys\\_types.h"
 222              		.file 5 "d:\\stm32_project\\tool\\7-2018-q2-update\\lib\\gcc\\arm-none-eabi\\7.3.1\\include\\stdde
 223              		.file 6 "d:\\stm32_project\\tool\\7-2018-q2-update\\arm-none-eabi\\include\\sys\\reent.h"
 224              		.file 7 "d:\\stm32_project\\tool\\7-2018-q2-update\\arm-none-eabi\\include\\sys\\_stdint.h"
ARM GAS  C:\Users\User\AppData\Local\Temp\cckVOIIC.s 			page 8


 225              		.file 8 "d:\\stm32_project\\tool\\7-2018-q2-update\\arm-none-eabi\\include\\stdlib.h"
 226              		.file 9 "Drivers/CMSIS/Include/core_cm4.h"
 227              		.file 10 "Drivers/CMSIS/Device/ST/STM32F4xx/Include/system_stm32f4xx.h"
 228              		.file 11 "Drivers/STM32F4xx_HAL_Driver/Inc/stm32f4xx_hal.h"
 229              		.file 12 "Middlewares/ST/STM32_USB_Host_Library/Core/Inc/usbh_def.h"
 230              		.file 13 "Middlewares/ST/STM32_USB_Host_Library/Core/Inc/usbh_ctlreq.h"
 231              		.file 14 "Middlewares/ST/STM32_USB_Host_Library/Core/Inc/usbh_core.h"
ARM GAS  C:\Users\User\AppData\Local\Temp\cckVOIIC.s 			page 9


DEFINED SYMBOLS
                            *ABS*:00000000 usbh_pipes.c
C:\Users\User\AppData\Local\Temp\cckVOIIC.s:18     .text.USBH_GetFreePipe:00000000 $t
C:\Users\User\AppData\Local\Temp\cckVOIIC.s:24     .text.USBH_GetFreePipe:00000000 USBH_GetFreePipe
C:\Users\User\AppData\Local\Temp\cckVOIIC.s:68     .text.USBH_OpenPipe:00000000 $t
C:\Users\User\AppData\Local\Temp\cckVOIIC.s:75     .text.USBH_OpenPipe:00000000 USBH_OpenPipe
C:\Users\User\AppData\Local\Temp\cckVOIIC.s:110    .text.USBH_ClosePipe:00000000 $t
C:\Users\User\AppData\Local\Temp\cckVOIIC.s:117    .text.USBH_ClosePipe:00000000 USBH_ClosePipe
C:\Users\User\AppData\Local\Temp\cckVOIIC.s:139    .text.USBH_AllocPipe:00000000 $t
C:\Users\User\AppData\Local\Temp\cckVOIIC.s:146    .text.USBH_AllocPipe:00000000 USBH_AllocPipe
C:\Users\User\AppData\Local\Temp\cckVOIIC.s:184    .text.USBH_FreePipe:00000000 $t
C:\Users\User\AppData\Local\Temp\cckVOIIC.s:191    .text.USBH_FreePipe:00000000 USBH_FreePipe

UNDEFINED SYMBOLS
USBH_LL_OpenPipe
USBH_LL_ClosePipe
